Using worker: bluebox-jvm-otp.worker.travis-ci.org:travis-jvm-19

$ git clone --depth=100 --quiet --branch=master git://github.com/square/dagger.git square/dagger
$ cd square/dagger
$ git checkout -qf 1c553522ee77b17d5961a773c26ec32aee0675bd
$ java -version
java version "1.7.0_09"
OpenJDK Runtime Environment (IcedTea7 2.3.4) (7u9-2.3.4-0ubuntu1.12.04.1)
OpenJDK 64-Bit Server VM (build 23.2-b09, mixed mode)
$ javac -version
javac 1.7.0_09
$ mvn install clean --fail-never --quiet -DskipTests=true -Dinvoker.skip=true
$ mvn verify
[INFO] Scanning for projects...
[INFO] ------------------------------------------------------------------------
[INFO] Reactor Build Order:
[INFO] 
[INFO] Dagger (Parent)
[INFO] Dagger
[INFO] Dagger Compiler
[INFO] Dagger AndroidManifest.xml Module Generator
[INFO] Dagger Example
[INFO]                                                                         
[INFO] ------------------------------------------------------------------------
[INFO] Building Dagger (Parent) 1.0-SNAPSHOT
[INFO] ------------------------------------------------------------------------
[INFO] 
[INFO] --- maven-enforcer-plugin:1.0:enforce (enforce-maven) @ dagger-parent ---
[INFO] 
[INFO] --- maven-checkstyle-plugin:2.9.1:checkstyle (default) @ dagger-parent ---
[INFO]                                                                         
[INFO] ------------------------------------------------------------------------
[INFO] Building Dagger 1.0-SNAPSHOT
[INFO] ------------------------------------------------------------------------
[INFO] 
[INFO] --- maven-enforcer-plugin:1.0:enforce (enforce-maven) @ dagger ---
[INFO] 
[INFO] --- maven-resources-plugin:2.3:resources (default-resources) @ dagger ---
[INFO] Using 'UTF-8' encoding to copy filtered resources.
[INFO] skip non existing resourceDirectory /home/travis/build/square/dagger/core/src/main/resources
[INFO] 
[INFO] --- maven-compiler-plugin:2.5:compile (default-compile) @ dagger ---
[INFO] Compiling 24 source files to /home/travis/build/square/dagger/core/target/classes
[WARNING] bootstrap class path not set in conjunction with -source 1.6
/home/travis/build/square/dagger/core/src/main/java/dagger/internal/SetBinding.java:[33,63] [unchecked] unchecked cast
[WARNING]   required: SetBinding<T>
  found:    Binding<CAP#1>
  where T is a type-variable:
    T extends Object declared in method <T>add(Map<String,Binding<?>>,String,Binding<?>)
  where CAP#1 is a fresh type-variable:
    CAP#1 extends Object from capture of ?
/home/travis/build/square/dagger/core/src/main/java/dagger/internal/UniqueMap.java:[24,7] [serial] serializable class UniqueMap has no definition of serialVersionUID
[WARNING] /home/travis/build/square/dagger/core/src/main/java/dagger/internal/plugins/reflect/ReflectiveModuleAdapter.java:[120,23] [rawtypes] found raw type: Binding
[INFO] 
[INFO] --- maven-resources-plugin:2.3:testResources (default-testResources) @ dagger ---
[INFO] Using 'UTF-8' encoding to copy filtered resources.
[INFO] skip non existing resourceDirectory /home/travis/build/square/dagger/core/src/test/resources
[INFO] 
[INFO] --- maven-compiler-plugin:2.5:testCompile (default-testCompile) @ dagger ---
[INFO] Compiling 10 source files to /home/travis/build/square/dagger/core/target/test-classes
[INFO] 
[INFO] --- maven-surefire-plugin:2.10:test (default-test) @ dagger ---
[INFO] Surefire report directory: /home/travis/build/square/dagger/core/target/surefire-reports
Downloading: http://maven.mirrors.travis-ci.org/nexus/content/repositories/central/org/apache/maven/surefire/surefire-junit4/2.10/surefire-junit4-2.10.pom
3/3 KB            Downloaded: http://maven.mirrors.travis-ci.org/nexus/content/repositories/central/org/apache/maven/surefire/surefire-junit4/2.10/surefire-junit4-2.10.pom (3 KB at 4.0 KB/sec)
Downloading: http://maven.mirrors.travis-ci.org/nexus/content/repositories/central/org/apache/maven/surefire/surefire-providers/2.10/surefire-providers-2.10.pom
3/3 KB            Downloaded: http://maven.mirrors.travis-ci.org/nexus/content/repositories/central/org/apache/maven/surefire/surefire-providers/2.10/surefire-providers-2.10.pom (3 KB at 7.2 KB/sec)
Downloading: http://maven.mirrors.travis-ci.org/nexus/content/repositories/central/org/apache/maven/surefire/surefire-junit4/2.10/surefire-junit4-2.10.jar
4/33 KB   8/33 KB   9/33 KB   11/33 KB   15/33 KB   19/33 KB   23/33 KB   27/33 KB   28/33 KB   30/33 KB   33/33 KB              Downloaded: http://maven.mirrors.travis-ci.org/nexus/content/repositories/central/org/apache/maven/surefire/surefire-junit4/2.10/surefire-junit4-2.10.jar (33 KB at 64.3 KB/sec)

-------------------------------------------------------
 T E S T S
-------------------------------------------------------
Running dagger.LazyInjectionTest
Tests run: 5, Failures: 0, Errors: 0, Skipped: 0, Time elapsed: 0.183 sec
Running dagger.SetBindingTest
Tests run: 7, Failures: 0, Errors: 0, Skipped: 0, Time elapsed: 0.098 sec
Running dagger.MembersInjectorTest
Tests run: 8, Failures: 0, Errors: 0, Skipped: 0, Time elapsed: 0.053 sec
Running dagger.internal.KeysTest
Tests run: 18, Failures: 0, Errors: 0, Skipped: 0, Time elapsed: 0.04 sec
Running dagger.ExtensionTest
Tests run: 3, Failures: 0, Errors: 0, Skipped: 0, Time elapsed: 0.023 sec
Running dagger.InjectionTest
Tests run: 31, Failures: 0, Errors: 0, Skipped: 0, Time elapsed: 0.161 sec
Running dagger.InjectionOfLazyTest
Tests run: 4, Failures: 0, Errors: 0, Skipped: 0, Time elapsed: 0.014 sec
Running dagger.InjectStaticsTest
Tests run: 3, Failures: 0, Errors: 0, Skipped: 0, Time elapsed: 0.023 sec
Running dagger.ModuleIncludesTest
Tests run: 9, Failures: 0, Errors: 0, Skipped: 0, Time elapsed: 0.039 sec
Running dagger.ProblemDetectorTest
Tests run: 3, Failures: 0, Errors: 0, Skipped: 0, Time elapsed: 0.01 sec

Results :

Tests run: 91, Failures: 0, Errors: 0, Skipped: 0

[INFO] 
[INFO] --- maven-jar-plugin:2.2:jar (default-jar) @ dagger ---
[INFO] Building jar: /home/travis/build/square/dagger/core/target/dagger-1.0-SNAPSHOT.jar
[INFO] 
[INFO] --- maven-checkstyle-plugin:2.9.1:checkstyle (default) @ dagger ---
[INFO] Starting audit...
Audit done.

[WARNING] Unable to locate Source XRef to link to - DISABLED
[INFO]                                                                         
[INFO] ------------------------------------------------------------------------
[INFO] Building Dagger Compiler 1.0-SNAPSHOT
[INFO] ------------------------------------------------------------------------
[INFO] 
[INFO] --- maven-enforcer-plugin:1.0:enforce (enforce-maven) @ dagger-compiler ---
[INFO] 
[INFO] --- maven-resources-plugin:2.3:resources (default-resources) @ dagger-compiler ---
[INFO] Using 'UTF-8' encoding to copy filtered resources.
[INFO] Copying 1 resource
[INFO] 
[INFO] --- maven-compiler-plugin:2.5:compile (default-compile) @ dagger-compiler ---
[INFO] Compiling 12 source files to /home/travis/build/square/dagger/compiler/target/classes
[INFO] 
[INFO] --- maven-resources-plugin:2.3:testResources (default-testResources) @ dagger-compiler ---
[INFO] Using 'UTF-8' encoding to copy filtered resources.
[INFO] skip non existing resourceDirectory /home/travis/build/square/dagger/compiler/src/test/resources
[INFO] 
[INFO] --- maven-compiler-plugin:2.5:testCompile (default-testCompile) @ dagger-compiler ---
[INFO] Compiling 4 source files to /home/travis/build/square/dagger/compiler/target/test-classes
[INFO] 
[INFO] --- maven-surefire-plugin:2.10:test (default-test) @ dagger-compiler ---
[INFO] Surefire report directory: /home/travis/build/square/dagger/compiler/target/surefire-reports

-------------------------------------------------------
 T E S T S
-------------------------------------------------------
Running dagger.internal.codegen.JavaWriterTest
Tests run: 22, Failures: 0, Errors: 0, Skipped: 0, Time elapsed: 0.167 sec
Running dagger.internal.codegen.DotWriterTest
Tests run: 4, Failures: 0, Errors: 0, Skipped: 0, Time elapsed: 0.01 sec
Running dagger.internal.codegen.GraphVisualizerTest
Tests run: 7, Failures: 0, Errors: 0, Skipped: 0, Time elapsed: 0.044 sec

Results :

Tests run: 33, Failures: 0, Errors: 0, Skipped: 0

[INFO] 
[INFO] --- maven-jar-plugin:2.2:jar (default-jar) @ dagger-compiler ---
[INFO] Building jar: /home/travis/build/square/dagger/compiler/target/dagger-compiler-1.0-SNAPSHOT.jar
[INFO] 
[INFO] --- maven-invoker-plugin:1.7:install (integration-test) @ dagger-compiler ---
[INFO] Installing /home/travis/build/square/dagger/core/pom.xml to /home/travis/build/square/dagger/compiler/target/local-repo/com/squareup/dagger/1.0-SNAPSHOT/dagger-1.0-SNAPSHOT.pom
[INFO] Installing /home/travis/build/square/dagger/core/target/dagger-1.0-SNAPSHOT.jar to /home/travis/build/square/dagger/compiler/target/local-repo/com/squareup/dagger/1.0-SNAPSHOT/dagger-1.0-SNAPSHOT.jar
[INFO] Installing /home/travis/build/square/dagger/pom.xml to /home/travis/build/square/dagger/compiler/target/local-repo/com/squareup/dagger-parent/1.0-SNAPSHOT/dagger-parent-1.0-SNAPSHOT.pom
[INFO] Installing /home/travis/build/square/dagger/compiler/pom.xml to /home/travis/build/square/dagger/compiler/target/local-repo/com/squareup/dagger-compiler/1.0-SNAPSHOT/dagger-compiler-1.0-SNAPSHOT.pom
[INFO] Installing /home/travis/build/square/dagger/compiler/target/dagger-compiler-1.0-SNAPSHOT.jar to /home/travis/build/square/dagger/compiler/target/local-repo/com/squareup/dagger-compiler/1.0-SNAPSHOT/dagger-compiler-1.0-SNAPSHOT.jar
[INFO] 
[INFO] --- maven-invoker-plugin:1.7:run (integration-test) @ dagger-compiler ---
[INFO] Building: extension-graph/pom.xml
[INFO] ..SUCCESS (57.4 s)
[INFO] Building: multiple-provides-methods/pom.xml
[INFO] run script verify.bsh
[INFO] ..SUCCESS (9.6 s)
[INFO] Building: uninjectable-supertype/pom.xml
[INFO] ..SUCCESS (9.6 s)
[INFO] Building: missing-at-inject-constructor/pom.xml
[INFO] run script verify.bsh
[INFO] ..SUCCESS (8.1 s)
[INFO] Building: same-provides-method-name/pom.xml
[INFO] ..SUCCESS (9.6 s)
[INFO] Building: include-non-module/pom.xml
[INFO] ..FAILED (7.8 s)
[INFO]   The build exited with code 1. See /home/travis/build/square/dagger/compiler/target/it/include-non-module/build.log for details.
[INFO] Building: simple-missing-dependency-failure/pom.xml
[INFO] run script verify.bsh
[INFO] ..SUCCESS (7.9 s)
[INFO] Building: inject-parameterized-type/pom.xml
[INFO] ..SUCCESS (9.5 s)
[INFO] Building: default-package-injected-type/pom.xml
[INFO] ..SUCCESS (9.4 s)
[INFO] -------------------------------------------------
[INFO] Build Summary:
[INFO]   Passed: 8, Failed: 1, Errors: 0, Skipped: 0
[INFO] -------------------------------------------------
[ERROR] The following builds failed:
[ERROR] *  include-non-module/pom.xml
[INFO] -------------------------------------------------
[INFO] ------------------------------------------------------------------------
[INFO] Reactor Summary:
[INFO] 
[INFO] Dagger (Parent) ................................... SUCCESS [2.596s]
[INFO] Dagger ............................................ SUCCESS [9.966s]
[INFO] Dagger Compiler ................................... FAILURE [2:11.697s]
[INFO] Dagger AndroidManifest.xml Module Generator ....... SKIPPED
[INFO] Dagger Example .................................... SKIPPED
[INFO] ------------------------------------------------------------------------
[INFO] BUILD FAILURE
[INFO] ------------------------------------------------------------------------
[INFO] Total time: 2:24.815s
[INFO] Finished at: Sat Feb 02 02:17:23 UTC 2013
[INFO] Final Memory: 26M/184M
[INFO] ------------------------------------------------------------------------
[ERROR] Failed to execute goal org.apache.maven.plugins:maven-invoker-plugin:1.7:run (integration-test) on project dagger-compiler: 1 build failed. See console output above for details. -> [Help 1]
[ERROR] 
[ERROR] To see the full stack trace of the errors, re-run Maven with the -e switch.
[ERROR] Re-run Maven using the -X switch to enable full debug logging.
[ERROR] 
[ERROR] For more information about the errors and possible solutions, please read the following articles:
[ERROR] [Help 1] http://cwiki.apache.org/confluence/display/MAVEN/MojoFailureException
[ERROR] 
[ERROR] After correcting the problems, you can resume the build with the command
[ERROR]   mvn <goals> -rf :dagger-compiler

Done. Build script exited with 1
