Using worker: bluebox-linux-2.worker.travis-ci.org:travis-linux-14

$ git clone --depth=100 --quiet --branch=kiran/LEVEL-UP git://github.com/square/dagger.git square/dagger
$ cd square/dagger
$ git checkout -qf 1d5ad2643937dd00c70efe0c7ac6efa570b521be
$ java -version
java version "1.7.0_09"
OpenJDK Runtime Environment (IcedTea7 2.3.4) (7u9-2.3.4-0ubuntu1.12.04.1)
OpenJDK 64-Bit Server VM (build 23.2-b09, mixed mode)
$ javac -version
javac 1.7.0_09
$ mvn install clean --fail-never --quiet -DskipTests=true -Dinvoker.skip=true
[ERROR] COMPILATION ERROR : 
[ERROR] Failure executing javac, but could not parse the error:
warning: [options] bootstrap class path not set in conjunction with -source 1.6
warning: No processor claimed any of these annotations: javax.inject.Singleton


An annotation processor threw an uncaught exception.
Consult the following stack trace for details.
java.lang.NullPointerException
	at dagger.internal.codegen.FullGraphProcessor.processCompleteModule(FullGraphProcessor.java:138)
	at dagger.internal.codegen.FullGraphProcessor.process(FullGraphProcessor.java:88)
	at com.sun.tools.javac.processing.JavacProcessingEnvironment.callProcessor(JavacProcessingEnvironment.java:793)
	at com.sun.tools.javac.processing.JavacProcessingEnvironment.access$200(JavacProcessingEnvironment.java:97)
	at com.sun.tools.javac.processing.JavacProcessingEnvironment$DiscoveredProcessors$ProcessorStateIterator.runContributingProcs(JavacProcessingEnvironment.java:644)
	at com.sun.tools.javac.processing.JavacProcessingEnvironment$Round.run(JavacProcessingEnvironment.java:1027)
	at com.sun.tools.javac.processing.JavacProcessingEnvironment.doProcessing(JavacProcessingEnvironment.java:1185)
	at com.sun.tools.javac.main.JavaCompiler.processAnnotations(JavaCompiler.java:1108)
	at com.sun.tools.javac.main.JavaCompiler.compile(JavaCompiler.java:824)
	at com.sun.tools.javac.main.Main.compile(Main.java:439)
	at com.sun.tools.javac.main.Main.compile(Main.java:353)
	at com.sun.tools.javac.main.Main.compile(Main.java:342)
	at com.sun.tools.javac.main.Main.compile(Main.java:333)
	at com.sun.tools.javac.Main.compile(Main.java:94)
	at sun.reflect.NativeMethodAccessorImpl.invoke0(Native Method)
	at sun.reflect.NativeMethodAccessorImpl.invoke(NativeMethodAccessorImpl.java:57)
	at sun.reflect.DelegatingMethodAccessorImpl.invoke(DelegatingMethodAccessorImpl.java:43)
	at java.lang.reflect.Method.invoke(Method.java:601)
	at org.codehaus.plexus.compiler.javac.JavacCompiler.compileInProcess0(JavacCompiler.java:559)
	at org.codehaus.plexus.compiler.javac.JavacCompiler.compileInProcess(JavacCompiler.java:534)
	at org.codehaus.plexus.compiler.javac.JavacCompiler.compile(JavacCompiler.java:168)
	at org.apache.maven.plugin.AbstractCompilerMojo.execute(AbstractCompilerMojo.java:678)
	at org.apache.maven.plugin.CompilerMojo.execute(CompilerMojo.java:128)
	at org.apache.maven.plugin.DefaultBuildPluginManager.executeMojo(DefaultBuildPluginManager.java:101)
	at org.apache.maven.lifecycle.internal.MojoExecutor.execute(MojoExecutor.java:209)
	at org.apache.maven.lifecycle.internal.MojoExecutor.execute(MojoExecutor.java:153)
	at org.apache.maven.lifecycle.internal.MojoExecutor.execute(MojoExecutor.java:145)
	at org.apache.maven.lifecycle.internal.LifecycleModuleBuilder.buildProject(LifecycleModuleBuilder.java:84)
	at org.apache.maven.lifecycle.internal.LifecycleModuleBuilder.buildProject(LifecycleModuleBuilder.java:59)
	at org.apache.maven.lifecycle.internal.LifecycleStarter.singleThreadedBuild(LifecycleStarter.java:183)
	at org.apache.maven.lifecycle.internal.LifecycleStarter.execute(LifecycleStarter.java:161)
	at org.apache.maven.DefaultMaven.doExecute(DefaultMaven.java:320)
	at org.apache.maven.DefaultMaven.execute(DefaultMaven.java:156)
	at org.apache.maven.cli.MavenCli.execute(MavenCli.java:537)
	at org.apache.maven.cli.MavenCli.doMain(MavenCli.java:196)
	at org.apache.maven.cli.MavenCli.main(MavenCli.java:141)
	at sun.reflect.NativeMethodAccessorImpl.invoke0(Native Method)
	at sun.reflect.NativeMethodAccessorImpl.invoke(NativeMethodAccessorImpl.java:57)
	at sun.reflect.DelegatingMethodAccessorImpl.invoke(DelegatingMethodAccessorImpl.java:43)
	at java.lang.reflect.Method.invoke(Method.java:601)
	at org.codehaus.plexus.classworlds.launcher.Launcher.launchEnhanced(Launcher.java:290)
	at org.codehaus.plexus.classworlds.launcher.Launcher.launch(Launcher.java:230)
	at org.codehaus.plexus.classworlds.launcher.Launcher.mainWithExitCode(Launcher.java:409)
	at org.codehaus.plexus.classworlds.launcher.Launcher.main(Launcher.java:352)

[ERROR] Failed to execute goal org.apache.maven.plugins:maven-checkstyle-plugin:2.9.1:checkstyle (default) on project dagger-compiler: An error has occurred in Checkstyle report generation. Failed during checkstyle execution: There are 1 checkstyle errors. -> [Help 1]
[ERROR] Failed to execute goal org.apache.maven.plugins:maven-compiler-plugin:2.5:compile (default-compile) on project dagger-example: Compilation failure
[ERROR] Failure executing javac, but could not parse the error:
[ERROR] warning: [options] bootstrap class path not set in conjunction with -source 1.6
[ERROR] warning: No processor claimed any of these annotations: javax.inject.Singleton
[ERROR] 
[ERROR] 
[ERROR] An annotation processor threw an uncaught exception.
[ERROR] Consult the following stack trace for details.
[ERROR] java.lang.NullPointerException
[ERROR] at dagger.internal.codegen.FullGraphProcessor.processCompleteModule(FullGraphProcessor.java:138)
[ERROR] at dagger.internal.codegen.FullGraphProcessor.process(FullGraphProcessor.java:88)
[ERROR] at com.sun.tools.javac.processing.JavacProcessingEnvironment.callProcessor(JavacProcessingEnvironment.java:793)
[ERROR] at com.sun.tools.javac.processing.JavacProcessingEnvironment.access$200(JavacProcessingEnvironment.java:97)
[ERROR] at com.sun.tools.javac.processing.JavacProcessingEnvironment$DiscoveredProcessors$ProcessorStateIterator.runContributingProcs(JavacProcessingEnvironment.java:644)
[ERROR] at com.sun.tools.javac.processing.JavacProcessingEnvironment$Round.run(JavacProcessingEnvironment.java:1027)
[ERROR] at com.sun.tools.javac.processing.JavacProcessingEnvironment.doProcessing(JavacProcessingEnvironment.java:1185)
[ERROR] at com.sun.tools.javac.main.JavaCompiler.processAnnotations(JavaCompiler.java:1108)
[ERROR] at com.sun.tools.javac.main.JavaCompiler.compile(JavaCompiler.java:824)
[ERROR] at com.sun.tools.javac.main.Main.compile(Main.java:439)
[ERROR] at com.sun.tools.javac.main.Main.compile(Main.java:353)
[ERROR] at com.sun.tools.javac.main.Main.compile(Main.java:342)
[ERROR] at com.sun.tools.javac.main.Main.compile(Main.java:333)
[ERROR] at com.sun.tools.javac.Main.compile(Main.java:94)
[ERROR] at sun.reflect.NativeMethodAccessorImpl.invoke0(Native Method)
[ERROR] at sun.reflect.NativeMethodAccessorImpl.invoke(NativeMethodAccessorImpl.java:57)
[ERROR] at sun.reflect.DelegatingMethodAccessorImpl.invoke(DelegatingMethodAccessorImpl.java:43)
[ERROR] at java.lang.reflect.Method.invoke(Method.java:601)
[ERROR] at org.codehaus.plexus.compiler.javac.JavacCompiler.compileInProcess0(JavacCompiler.java:559)
[ERROR] at org.codehaus.plexus.compiler.javac.JavacCompiler.compileInProcess(JavacCompiler.java:534)
[ERROR] at org.codehaus.plexus.compiler.javac.JavacCompiler.compile(JavacCompiler.java:168)
[ERROR] at org.apache.maven.plugin.AbstractCompilerMojo.execute(AbstractCompilerMojo.java:678)
[ERROR] at org.apache.maven.plugin.CompilerMojo.execute(CompilerMojo.java:128)
[ERROR] at org.apache.maven.plugin.DefaultBuildPluginManager.executeMojo(DefaultBuildPluginManager.java:101)
[ERROR] at org.apache.maven.lifecycle.internal.MojoExecutor.execute(MojoExecutor.java:209)
[ERROR] at org.apache.maven.lifecycle.internal.MojoExecutor.execute(MojoExecutor.java:153)
[ERROR] at org.apache.maven.lifecycle.internal.MojoExecutor.execute(MojoExecutor.java:145)
[ERROR] at org.apache.maven.lifecycle.internal.LifecycleModuleBuilder.buildProject(LifecycleModuleBuilder.java:84)
[ERROR] at org.apache.maven.lifecycle.internal.LifecycleModuleBuilder.buildProject(LifecycleModuleBuilder.java:59)
[ERROR] at org.apache.maven.lifecycle.internal.LifecycleStarter.singleThreadedBuild(LifecycleStarter.java:183)
[ERROR] at org.apache.maven.lifecycle.internal.LifecycleStarter.execute(LifecycleStarter.java:161)
[ERROR] at org.apache.maven.DefaultMaven.doExecute(DefaultMaven.java:320)
[ERROR] at org.apache.maven.DefaultMaven.execute(DefaultMaven.java:156)
[ERROR] at org.apache.maven.cli.MavenCli.execute(MavenCli.java:537)
[ERROR] at org.apache.maven.cli.MavenCli.doMain(MavenCli.java:196)
[ERROR] at org.apache.maven.cli.MavenCli.main(MavenCli.java:141)
[ERROR] at sun.reflect.NativeMethodAccessorImpl.invoke0(Native Method)
[ERROR] at sun.reflect.NativeMethodAccessorImpl.invoke(NativeMethodAccessorImpl.java:57)
[ERROR] at sun.reflect.DelegatingMethodAccessorImpl.invoke(DelegatingMethodAccessorImpl.java:43)
[ERROR] at java.lang.reflect.Method.invoke(Method.java:601)
[ERROR] at org.codehaus.plexus.classworlds.launcher.Launcher.launchEnhanced(Launcher.java:290)
[ERROR] at org.codehaus.plexus.classworlds.launcher.Launcher.launch(Launcher.java:230)
[ERROR] at org.codehaus.plexus.classworlds.launcher.Launcher.mainWithExitCode(Launcher.java:409)
[ERROR] at org.codehaus.plexus.classworlds.launcher.Launcher.main(Launcher.java:352)
[ERROR] -> [Help 2]
[ERROR] 
[ERROR] To see the full stack trace of the errors, re-run Maven with the -e switch.
[ERROR] Re-run Maven using the -X switch to enable full debug logging.
[ERROR] 
[ERROR] For more information about the errors and possible solutions, please read the following articles:
[ERROR] [Help 1] http://cwiki.apache.org/confluence/display/MAVEN/MojoExecutionException
[ERROR] [Help 2] http://cwiki.apache.org/confluence/display/MAVEN/MojoFailureException
[ERROR] 
[ERROR] After correcting the problems, you can resume the build with the command
[ERROR]   mvn <goals> -rf :dagger-compiler
$ mvn verify
[INFO] Scanning for projects...
[INFO] ------------------------------------------------------------------------
[INFO] Reactor Build Order:
[INFO] 
[INFO] Dagger (Parent)
[INFO] Dagger
[INFO] Dagger Compiler
[INFO] Dagger AndroidManifest.xml Module Generator
[INFO] Dagger Example
[INFO]                                                                         
[INFO] ------------------------------------------------------------------------
[INFO] Building Dagger (Parent) 1.0-SNAPSHOT
[INFO] ------------------------------------------------------------------------
[INFO] 
[INFO] --- maven-enforcer-plugin:1.0:enforce (enforce-maven) @ dagger-parent ---
[INFO] 
[INFO] --- maven-checkstyle-plugin:2.9.1:checkstyle (default) @ dagger-parent ---
[INFO]                                                                         
[INFO] ------------------------------------------------------------------------
[INFO] Building Dagger 1.0-SNAPSHOT
[INFO] ------------------------------------------------------------------------
[INFO] 
[INFO] --- maven-enforcer-plugin:1.0:enforce (enforce-maven) @ dagger ---
[INFO] 
[INFO] --- maven-resources-plugin:2.3:resources (default-resources) @ dagger ---
[INFO] Using 'UTF-8' encoding to copy filtered resources.
[INFO] skip non existing resourceDirectory /home/travis/build/square/dagger/core/src/main/resources
[INFO] 
[INFO] --- maven-compiler-plugin:2.5:compile (default-compile) @ dagger ---
[INFO] Compiling 25 source files to /home/travis/build/square/dagger/core/target/classes
[WARNING] bootstrap class path not set in conjunction with -source 1.6
/home/travis/build/square/dagger/core/src/main/java/dagger/internal/UniqueMap.java:[24,7] [serial] serializable class UniqueMap has no definition of serialVersionUID
[WARNING] /home/travis/build/square/dagger/core/src/main/java/dagger/internal/plugins/reflect/ReflectiveModuleAdapter.java:[126,23] [rawtypes] found raw type: Binding
[INFO] 
[INFO] --- maven-resources-plugin:2.3:testResources (default-testResources) @ dagger ---
[INFO] Using 'UTF-8' encoding to copy filtered resources.
[INFO] skip non existing resourceDirectory /home/travis/build/square/dagger/core/src/test/resources
[INFO] 
[INFO] --- maven-compiler-plugin:2.5:testCompile (default-testCompile) @ dagger ---
[INFO] Compiling 11 source files to /home/travis/build/square/dagger/core/target/test-classes
[INFO] 
[INFO] --- maven-surefire-plugin:2.10:test (default-test) @ dagger ---
[INFO] Surefire report directory: /home/travis/build/square/dagger/core/target/surefire-reports
Downloading: http://maven.mirrors.travis-ci.org/nexus/content/repositories/central/org/apache/maven/surefire/surefire-junit4/2.10/surefire-junit4-2.10.pom
3/3 KB            Downloaded: http://maven.mirrors.travis-ci.org/nexus/content/repositories/central/org/apache/maven/surefire/surefire-junit4/2.10/surefire-junit4-2.10.pom (3 KB at 2.0 KB/sec)
Downloading: http://maven.mirrors.travis-ci.org/nexus/content/repositories/central/org/apache/maven/surefire/surefire-providers/2.10/surefire-providers-2.10.pom
3/3 KB            Downloaded: http://maven.mirrors.travis-ci.org/nexus/content/repositories/central/org/apache/maven/surefire/surefire-providers/2.10/surefire-providers-2.10.pom (3 KB at 7.0 KB/sec)
Downloading: http://maven.mirrors.travis-ci.org/nexus/content/repositories/central/org/apache/maven/surefire/surefire-junit4/2.10/surefire-junit4-2.10.jar
4/33 KB   8/33 KB   9/33 KB   13/33 KB   17/33 KB   21/33 KB   24/33 KB   28/33 KB   32/33 KB   33/33 KB              Downloaded: http://maven.mirrors.travis-ci.org/nexus/content/repositories/central/org/apache/maven/surefire/surefire-junit4/2.10/surefire-junit4-2.10.jar (33 KB at 63.3 KB/sec)

-------------------------------------------------------
 T E S T S
-------------------------------------------------------
Running dagger.MembersInjectorTest
Tests run: 8, Failures: 0, Errors: 0, Skipped: 0, Time elapsed: 0.726 sec
Running dagger.LazyInjectionTest
Tests run: 5, Failures: 0, Errors: 0, Skipped: 0, Time elapsed: 0.02 sec
Running dagger.InjectStaticsTest
Tests run: 3, Failures: 0, Errors: 0, Skipped: 0, Time elapsed: 0.05 sec
Running dagger.ProblemDetectorTest
Tests run: 3, Failures: 0, Errors: 0, Skipped: 0, Time elapsed: 0.039 sec
Running dagger.internal.KeysTest
Tests run: 18, Failures: 0, Errors: 0, Skipped: 0, Time elapsed: 0.04 sec
Running dagger.InjectionOfLazyTest
Tests run: 4, Failures: 0, Errors: 0, Skipped: 0, Time elapsed: 0.003 sec
Running dagger.SetBindingTest
Tests run: 7, Failures: 0, Errors: 0, Skipped: 0, Time elapsed: 0.081 sec
Running dagger.ExtensionTest
Tests run: 3, Failures: 0, Errors: 0, Skipped: 0, Time elapsed: 0.024 sec
Running dagger.ModuleIncludesTest
Tests run: 9, Failures: 0, Errors: 0, Skipped: 0, Time elapsed: 0.075 sec
Running dagger.InjectionTest
Tests run: 31, Failures: 0, Errors: 0, Skipped: 0, Time elapsed: 0.261 sec
Running dagger.UnusedProviderTest
Tests run: 4, Failures: 0, Errors: 0, Skipped: 0, Time elapsed: 0.015 sec

Results :

Tests run: 95, Failures: 0, Errors: 0, Skipped: 0

[INFO] 
[INFO] --- maven-jar-plugin:2.2:jar (default-jar) @ dagger ---
[INFO] Building jar: /home/travis/build/square/dagger/core/target/dagger-1.0-SNAPSHOT.jar
[INFO] 
[INFO] --- maven-checkstyle-plugin:2.9.1:checkstyle (default) @ dagger ---
[INFO] Starting audit...
Audit done.

[WARNING] Unable to locate Source XRef to link to - DISABLED
[INFO]                                                                         
[INFO] ------------------------------------------------------------------------
[INFO] Building Dagger Compiler 1.0-SNAPSHOT
[INFO] ------------------------------------------------------------------------
[INFO] 
[INFO] --- maven-enforcer-plugin:1.0:enforce (enforce-maven) @ dagger-compiler ---
[INFO] 
[INFO] --- maven-resources-plugin:2.3:resources (default-resources) @ dagger-compiler ---
[INFO] Using 'UTF-8' encoding to copy filtered resources.
[INFO] Copying 1 resource
[INFO] 
[INFO] --- maven-compiler-plugin:2.5:compile (default-compile) @ dagger-compiler ---
[INFO] Nothing to compile - all classes are up to date
[INFO] 
[INFO] --- maven-resources-plugin:2.3:testResources (default-testResources) @ dagger-compiler ---
[INFO] Using 'UTF-8' encoding to copy filtered resources.
[INFO] skip non existing resourceDirectory /home/travis/build/square/dagger/compiler/src/test/resources
[INFO] 
[INFO] --- maven-compiler-plugin:2.5:testCompile (default-testCompile) @ dagger-compiler ---
[INFO] Nothing to compile - all classes are up to date
[INFO] 
[INFO] --- maven-surefire-plugin:2.10:test (default-test) @ dagger-compiler ---
[INFO] Surefire report directory: /home/travis/build/square/dagger/compiler/target/surefire-reports

-------------------------------------------------------
 T E S T S
-------------------------------------------------------
Running dagger.internal.codegen.GraphVisualizerTest
Tests run: 7, Failures: 0, Errors: 0, Skipped: 0, Time elapsed: 0.151 sec
Running dagger.internal.codegen.DotWriterTest
Tests run: 4, Failures: 0, Errors: 0, Skipped: 0, Time elapsed: 0.015 sec

Results :

Tests run: 11, Failures: 0, Errors: 0, Skipped: 0

[INFO] 
[INFO] --- maven-jar-plugin:2.2:jar (default-jar) @ dagger-compiler ---
[INFO] 
[INFO] --- maven-invoker-plugin:1.7:install (integration-test) @ dagger-compiler ---
[INFO] Installing /home/travis/build/square/dagger/core/pom.xml to /home/travis/build/square/dagger/compiler/target/local-repo/com/squareup/dagger/1.0-SNAPSHOT/dagger-1.0-SNAPSHOT.pom
[INFO] Installing /home/travis/build/square/dagger/core/target/dagger-1.0-SNAPSHOT.jar to /home/travis/build/square/dagger/compiler/target/local-repo/com/squareup/dagger/1.0-SNAPSHOT/dagger-1.0-SNAPSHOT.jar
[INFO] Installing /home/travis/build/square/dagger/pom.xml to /home/travis/build/square/dagger/compiler/target/local-repo/com/squareup/dagger-parent/1.0-SNAPSHOT/dagger-parent-1.0-SNAPSHOT.pom
[INFO] Installing /home/travis/build/square/dagger/compiler/pom.xml to /home/travis/build/square/dagger/compiler/target/local-repo/com/squareup/dagger-compiler/1.0-SNAPSHOT/dagger-compiler-1.0-SNAPSHOT.pom
[INFO] Installing /home/travis/build/square/dagger/compiler/target/dagger-compiler-1.0-SNAPSHOT.jar to /home/travis/build/square/dagger/compiler/target/local-repo/com/squareup/dagger-compiler/1.0-SNAPSHOT/dagger-compiler-1.0-SNAPSHOT.jar
[INFO] 
[INFO] --- maven-invoker-plugin:1.7:run (integration-test) @ dagger-compiler ---
[INFO] Building: default-package-injected-type/pom.xml
[INFO] ..FAILED (33.5 s)
[INFO]   The build exited with code 1. See /home/travis/build/square/dagger/compiler/target/it/default-package-injected-type/build.log for details.
[INFO] Building: cyclic-deps/pom.xml
[INFO] run script verify.bsh
[INFO] ..FAILED (7.9 s)
[INFO]   The post-build script did not succeed. Build output did not contain expected error text:
    "TestApp.java:[43"
    "Graph validation"
    "Dependency cycle"

Build Output:


        [ERROR] Failed to execute goal org.apache.maven.plugins:maven-compiler-plugin:2.0.2:compile (default-compile) on project cyclic-deps: Compilation failure
        [ERROR] Failure executing javac, but could not parse the error:
        [ERROR] 
        [ERROR] 
        [ERROR] An annotation processor threw an uncaught exception.
        [ERROR] Consult the following stack trace for details.
        [ERROR] java.lang.NullPointerException
        [ERROR] at dagger.internal.codegen.FullGraphProcessor.processCompleteModule(FullGraphProcessor.java:138)
        [ERROR] at dagger.internal.codegen.FullGraphProcessor.process(FullGraphProcessor.java:88)
        [ERROR] at com.sun.tools.javac.processing.JavacProcessingEnvironment.callProcessor(JavacProcessingEnvironment.java:793)
        [ERROR] at com.sun.tools.javac.processing.JavacProcessingEnvironment.access$200(JavacProcessingEnvironment.java:97)
        [ERROR] at com.sun.tools.javac.processing.JavacProcessingEnvironment$DiscoveredProcessors$ProcessorStateIterator.runContributingProcs(JavacProcessingEnvironment.java:644)
        [ERROR] at com.sun.tools.javac.processing.JavacProcessingEnvironment$Round.run(JavacProcessingEnvironment.java:1027)
        [ERROR] at com.sun.tools.javac.processing.JavacProcessingEnvironment.doProcessing(JavacProcessingEnvironment.java:1185)
        [ERROR] at com.sun.tools.javac.main.JavaCompiler.processAnnotations(JavaCompiler.java:1108)
        [ERROR] at com.sun.tools.javac.main.JavaCompiler.compile(JavaCompiler.java:824)
        [ERROR] at com.sun.tools.javac.main.Main.compile(Main.java:439)
        [ERROR] at com.sun.tools.javac.main.Main.compile(Main.java:353)
        [ERROR] at com.sun.tools.javac.main.Main.compile(Main.java:342)
        [ERROR] at com.sun.tools.javac.main.Main.compile(Main.java:333)
        [ERROR] at com.sun.tools.javac.Main.compile(Main.java:94)
        [ERROR] at sun.reflect.NativeMethodAccessorImpl.invoke0(Native Method)
        [ERROR] at sun.reflect.NativeMethodAccessorImpl.invoke(NativeMethodAccessorImpl.java:57)
        [ERROR] at sun.reflect.DelegatingMethodAccessorImpl.invoke(DelegatingMethodAccessorImpl.java:43)
        [ERROR] at java.lang.reflect.Method.invoke(Method.java:601)
        [ERROR] at org.codehaus.plexus.compiler.javac.JavacCompiler.compileInProcess(JavacCompiler.java:420)
        [ERROR] at org.codehaus.plexus.compiler.javac.JavacCompiler.compile(JavacCompiler.java:141)
        [ERROR] at org.apache.maven.plugin.AbstractCompilerMojo.execute(AbstractCompilerMojo.java:493)
        [ERROR] at org.apache.maven.plugin.CompilerMojo.execute(CompilerMojo.java:114)
        [ERROR] at org.apache.maven.plugin.DefaultBuildPluginManager.executeMojo(DefaultBuildPluginManager.java:101)
        [ERROR] at org.apache.maven.lifecycle.internal.MojoExecutor.execute(MojoExecutor.java:209)
        [ERROR] at org.apache.maven.lifecycle.internal.MojoExecutor.execute(MojoExecutor.java:153)
        [ERROR] at org.apache.maven.lifecycle.internal.MojoExecutor.execute(MojoExecutor.java:145)
        [ERROR] at org.apache.maven.lifecycle.internal.LifecycleModuleBuilder.buildProject(LifecycleModuleBuilder.java:84)
        [ERROR] at org.apache.maven.lifecycle.internal.LifecycleModuleBuilder.buildProject(LifecycleModuleBuilder.java:59)
        [ERROR] at org.apache.maven.lifecycle.internal.LifecycleStarter.singleThreadedBuild(LifecycleStarter.java:183)
        [ERROR] at org.apache.maven.lifecycle.internal.LifecycleStarter.execute(LifecycleStarter.java:161)
        [ERROR] at org.apache.maven.DefaultMaven.doExecute(DefaultMaven.java:320)
        [ERROR] at org.apache.maven.DefaultMaven.execute(DefaultMaven.java:156)
        [ERROR] at org.apache.maven.cli.MavenCli.execute(MavenCli.java:537)
        [ERROR] at org.apache.maven.cli.MavenCli.doMain(MavenCli.java:196)
        [ERROR] at org.apache.maven.cli.MavenCli.main(MavenCli.java:141)
        [ERROR] at sun.reflect.NativeMethodAccessorImpl.invoke0(Native Method)
        [ERROR] at sun.reflect.NativeMethodAccessorImpl.invoke(NativeMethodAccessorImpl.java:57)
        [ERROR] at sun.reflect.DelegatingMethodAccessorImpl.invoke(DelegatingMethodAccessorImpl.java:43)
        [ERROR] at java.lang.reflect.Method.invoke(Method.java:601)
        [ERROR] at org.codehaus.plexus.classworlds.launcher.Launcher.launchEnhanced(Launcher.java:290)
        [ERROR] at org.codehaus.plexus.classworlds.launcher.Launcher.launch(Launcher.java:230)
        [ERROR] at org.codehaus.plexus.classworlds.launcher.Launcher.mainWithExitCode(Launcher.java:409)
        [ERROR] at org.codehaus.plexus.classworlds.launcher.Launcher.main(Launcher.java:352)
        [ERROR] -> [Help 1]
        [ERROR] 
        [ERROR] To see the full stack trace of the errors, re-run Maven with the -e switch.
        [ERROR] Re-run Maven using the -X switch to enable full debug logging.
        [ERROR] 
        [ERROR] For more information about the errors and possible solutions, please read the following articles:
        [ERROR] [Help 1] http://cwiki.apache.org/confluence/display/MAVEN/MojoFailureException
[INFO] Building: uninjectable-supertype/pom.xml
[INFO] ..FAILED (7.7 s)
[INFO]   The build exited with code 1. See /home/travis/build/square/dagger/compiler/target/it/uninjectable-supertype/build.log for details.
[INFO] Building: provides-method-with-throws-clause/pom.xml
[INFO] run script verify.bsh
[INFO] ..SUCCESS (7.6 s)
[INFO] Building: inner-classes-complaint-injection/pom.xml
[INFO] run script verify.bsh
[INFO] ..SUCCESS (7.4 s)
[INFO] Building: include-non-module/pom.xml
[INFO] ..SUCCESS (7.7 s)
[INFO] Building: inject-parameterized-type/pom.xml
[INFO] ..FAILED (7.8 s)
[INFO]   The build exited with code 1. See /home/travis/build/square/dagger/compiler/target/it/inject-parameterized-type/build.log for details.
[INFO] Building: simple-missing-dependency-failure/pom.xml
[INFO] run script verify.bsh
[INFO] ..FAILED (7.6 s)
[INFO]   The post-build script did not succeed. Build output did not contain expected error text:
    "No binding for test.TestApp$Dependency"
    "required by test.TestApp for test.TestApp.TestModule"

Build Output:


        [ERROR] Failed to execute goal org.apache.maven.plugins:maven-compiler-plugin:2.0.2:compile (default-compile) on project missing-dependency: Compilation failure
        [ERROR] Failure executing javac, but could not parse the error:
        [ERROR] 
        [ERROR] 
        [ERROR] An annotation processor threw an uncaught exception.
        [ERROR] Consult the following stack trace for details.
        [ERROR] java.lang.NullPointerException
        [ERROR] at dagger.internal.codegen.FullGraphProcessor.processCompleteModule(FullGraphProcessor.java:138)
        [ERROR] at dagger.internal.codegen.FullGraphProcessor.process(FullGraphProcessor.java:88)
        [ERROR] at com.sun.tools.javac.processing.JavacProcessingEnvironment.callProcessor(JavacProcessingEnvironment.java:793)
        [ERROR] at com.sun.tools.javac.processing.JavacProcessingEnvironment.access$200(JavacProcessingEnvironment.java:97)
        [ERROR] at com.sun.tools.javac.processing.JavacProcessingEnvironment$DiscoveredProcessors$ProcessorStateIterator.runContributingProcs(JavacProcessingEnvironment.java:644)
        [ERROR] at com.sun.tools.javac.processing.JavacProcessingEnvironment$Round.run(JavacProcessingEnvironment.java:1027)
        [ERROR] at com.sun.tools.javac.processing.JavacProcessingEnvironment.doProcessing(JavacProcessingEnvironment.java:1185)
        [ERROR] at com.sun.tools.javac.main.JavaCompiler.processAnnotations(JavaCompiler.java:1108)
        [ERROR] at com.sun.tools.javac.main.JavaCompiler.compile(JavaCompiler.java:824)
        [ERROR] at com.sun.tools.javac.main.Main.compile(Main.java:439)
        [ERROR] at com.sun.tools.javac.main.Main.compile(Main.java:353)
        [ERROR] at com.sun.tools.javac.main.Main.compile(Main.java:342)
        [ERROR] at com.sun.tools.javac.main.Main.compile(Main.java:333)
        [ERROR] at com.sun.tools.javac.Main.compile(Main.java:94)
        [ERROR] at sun.reflect.NativeMethodAccessorImpl.invoke0(Native Method)
        [ERROR] at sun.reflect.NativeMethodAccessorImpl.invoke(NativeMethodAccessorImpl.java:57)
        [ERROR] at sun.reflect.DelegatingMethodAccessorImpl.invoke(DelegatingMethodAccessorImpl.java:43)
        [ERROR] at java.lang.reflect.Method.invoke(Method.java:601)
        [ERROR] at org.codehaus.plexus.compiler.javac.JavacCompiler.compileInProcess(JavacCompiler.java:420)
        [ERROR] at org.codehaus.plexus.compiler.javac.JavacCompiler.compile(JavacCompiler.java:141)
        [ERROR] at org.apache.maven.plugin.AbstractCompilerMojo.execute(AbstractCompilerMojo.java:493)
        [ERROR] at org.apache.maven.plugin.CompilerMojo.execute(CompilerMojo.java:114)
        [ERROR] at org.apache.maven.plugin.DefaultBuildPluginManager.executeMojo(DefaultBuildPluginManager.java:101)
        [ERROR] at org.apache.maven.lifecycle.internal.MojoExecutor.execute(MojoExecutor.java:209)
        [ERROR] at org.apache.maven.lifecycle.internal.MojoExecutor.execute(MojoExecutor.java:153)
        [ERROR] at org.apache.maven.lifecycle.internal.MojoExecutor.execute(MojoExecutor.java:145)
        [ERROR] at org.apache.maven.lifecycle.internal.LifecycleModuleBuilder.buildProject(LifecycleModuleBuilder.java:84)
        [ERROR] at org.apache.maven.lifecycle.internal.LifecycleModuleBuilder.buildProject(LifecycleModuleBuilder.java:59)
        [ERROR] at org.apache.maven.lifecycle.internal.LifecycleStarter.singleThreadedBuild(LifecycleStarter.java:183)
        [ERROR] at org.apache.maven.lifecycle.internal.LifecycleStarter.execute(LifecycleStarter.java:161)
        [ERROR] at org.apache.maven.DefaultMaven.doExecute(DefaultMaven.java:320)
        [ERROR] at org.apache.maven.DefaultMaven.execute(DefaultMaven.java:156)
        [ERROR] at org.apache.maven.cli.MavenCli.execute(MavenCli.java:537)
        [ERROR] at org.apache.maven.cli.MavenCli.doMain(MavenCli.java:196)
        [ERROR] at org.apache.maven.cli.MavenCli.main(MavenCli.java:141)
        [ERROR] at sun.reflect.NativeMethodAccessorImpl.invoke0(Native Method)
        [ERROR] at sun.reflect.NativeMethodAccessorImpl.invoke(NativeMethodAccessorImpl.java:57)
        [ERROR] at sun.reflect.DelegatingMethodAccessorImpl.invoke(DelegatingMethodAccessorImpl.java:43)
        [ERROR] at java.lang.reflect.Method.invoke(Method.java:601)
        [ERROR] at org.codehaus.plexus.classworlds.launcher.Launcher.launchEnhanced(Launcher.java:290)
        [ERROR] at org.codehaus.plexus.classworlds.launcher.Launcher.launch(Launcher.java:230)
        [ERROR] at org.codehaus.plexus.classworlds.launcher.Launcher.mainWithExitCode(Launcher.java:409)
        [ERROR] at org.codehaus.plexus.classworlds.launcher.Launcher.main(Launcher.java:352)
        [ERROR] -> [Help 1]
        [ERROR] 
        [ERROR] To see the full stack trace of the errors, re-run Maven with the -e switch.
        [ERROR] Re-run Maven using the -X switch to enable full debug logging.
        [ERROR] 
        [ERROR] For more information about the errors and possible solutions, please read the following articles:
        [ERROR] [Help 1] http://cwiki.apache.org/confluence/display/MAVEN/MojoFailureException
[INFO] Building: extension-graph/pom.xml
[INFO] ..FAILED (7.3 s)
[INFO]   The build exited with code 1. See /home/travis/build/square/dagger/compiler/target/it/extension-graph/build.log for details.
[INFO] Building: same-provides-method-name/pom.xml
[INFO] ..FAILED (7.8 s)
[INFO]   The build exited with code 1. See /home/travis/build/square/dagger/compiler/target/it/same-provides-method-name/build.log for details.
[INFO] Building: multiple-provides-methods/pom.xml
[INFO] ..FAILED (7.6 s)
[INFO]   The build exited with code 1. See /home/travis/build/square/dagger/compiler/target/it/multiple-provides-methods/build.log for details.
[INFO] Building: missing-at-inject-constructor/pom.xml
[INFO] run script verify.bsh
[INFO] ..FAILED (7.5 s)
[INFO]   The post-build script did not succeed. Build output did not contain expected error text:
    "No injectable members on test.TestApp.Dependency."
    "required by test.TestApp for test.TestApp.TestModule"

Build Output:


        [ERROR] Failed to execute goal org.apache.maven.plugins:maven-compiler-plugin:2.0.2:compile (default-compile) on project missing-at-inject-constructor: Compilation failure
        [ERROR] Failure executing javac, but could not parse the error:
        [ERROR] 
        [ERROR] 
        [ERROR] An annotation processor threw an uncaught exception.
        [ERROR] Consult the following stack trace for details.
        [ERROR] java.lang.NullPointerException
        [ERROR] at dagger.internal.codegen.FullGraphProcessor.processCompleteModule(FullGraphProcessor.java:138)
        [ERROR] at dagger.internal.codegen.FullGraphProcessor.process(FullGraphProcessor.java:88)
        [ERROR] at com.sun.tools.javac.processing.JavacProcessingEnvironment.callProcessor(JavacProcessingEnvironment.java:793)
        [ERROR] at com.sun.tools.javac.processing.JavacProcessingEnvironment.access$200(JavacProcessingEnvironment.java:97)
        [ERROR] at com.sun.tools.javac.processing.JavacProcessingEnvironment$DiscoveredProcessors$ProcessorStateIterator.runContributingProcs(JavacProcessingEnvironment.java:644)
        [ERROR] at com.sun.tools.javac.processing.JavacProcessingEnvironment$Round.run(JavacProcessingEnvironment.java:1027)
        [ERROR] at com.sun.tools.javac.processing.JavacProcessingEnvironment.doProcessing(JavacProcessingEnvironment.java:1185)
        [ERROR] at com.sun.tools.javac.main.JavaCompiler.processAnnotations(JavaCompiler.java:1108)
        [ERROR] at com.sun.tools.javac.main.JavaCompiler.compile(JavaCompiler.java:824)
        [ERROR] at com.sun.tools.javac.main.Main.compile(Main.java:439)
        [ERROR] at com.sun.tools.javac.main.Main.compile(Main.java:353)
        [ERROR] at com.sun.tools.javac.main.Main.compile(Main.java:342)
        [ERROR] at com.sun.tools.javac.main.Main.compile(Main.java:333)
        [ERROR] at com.sun.tools.javac.Main.compile(Main.java:94)
        [ERROR] at sun.reflect.NativeMethodAccessorImpl.invoke0(Native Method)
        [ERROR] at sun.reflect.NativeMethodAccessorImpl.invoke(NativeMethodAccessorImpl.java:57)
        [ERROR] at sun.reflect.DelegatingMethodAccessorImpl.invoke(DelegatingMethodAccessorImpl.java:43)
        [ERROR] at java.lang.reflect.Method.invoke(Method.java:601)
        [ERROR] at org.codehaus.plexus.compiler.javac.JavacCompiler.compileInProcess(JavacCompiler.java:420)
        [ERROR] at org.codehaus.plexus.compiler.javac.JavacCompiler.compile(JavacCompiler.java:141)
        [ERROR] at org.apache.maven.plugin.AbstractCompilerMojo.execute(AbstractCompilerMojo.java:493)
        [ERROR] at org.apache.maven.plugin.CompilerMojo.execute(CompilerMojo.java:114)
        [ERROR] at org.apache.maven.plugin.DefaultBuildPluginManager.executeMojo(DefaultBuildPluginManager.java:101)
        [ERROR] at org.apache.maven.lifecycle.internal.MojoExecutor.execute(MojoExecutor.java:209)
        [ERROR] at org.apache.maven.lifecycle.internal.MojoExecutor.execute(MojoExecutor.java:153)
        [ERROR] at org.apache.maven.lifecycle.internal.MojoExecutor.execute(MojoExecutor.java:145)
        [ERROR] at org.apache.maven.lifecycle.internal.LifecycleModuleBuilder.buildProject(LifecycleModuleBuilder.java:84)
        [ERROR] at org.apache.maven.lifecycle.internal.LifecycleModuleBuilder.buildProject(LifecycleModuleBuilder.java:59)
        [ERROR] at org.apache.maven.lifecycle.internal.LifecycleStarter.singleThreadedBuild(LifecycleStarter.java:183)
        [ERROR] at org.apache.maven.lifecycle.internal.LifecycleStarter.execute(LifecycleStarter.java:161)
        [ERROR] at org.apache.maven.DefaultMaven.doExecute(DefaultMaven.java:320)
        [ERROR] at org.apache.maven.DefaultMaven.execute(DefaultMaven.java:156)
        [ERROR] at org.apache.maven.cli.MavenCli.execute(MavenCli.java:537)
        [ERROR] at org.apache.maven.cli.MavenCli.doMain(MavenCli.java:196)
        [ERROR] at org.apache.maven.cli.MavenCli.main(MavenCli.java:141)
        [ERROR] at sun.reflect.NativeMethodAccessorImpl.invoke0(Native Method)
        [ERROR] at sun.reflect.NativeMethodAccessorImpl.invoke(NativeMethodAccessorImpl.java:57)
        [ERROR] at sun.reflect.DelegatingMethodAccessorImpl.invoke(DelegatingMethodAccessorImpl.java:43)
        [ERROR] at java.lang.reflect.Method.invoke(Method.java:601)
        [ERROR] at org.codehaus.plexus.classworlds.launcher.Launcher.launchEnhanced(Launcher.java:290)
        [ERROR] at org.codehaus.plexus.classworlds.launcher.Launcher.launch(Launcher.java:230)
        [ERROR] at org.codehaus.plexus.classworlds.launcher.Launcher.mainWithExitCode(Launcher.java:409)
        [ERROR] at org.codehaus.plexus.classworlds.launcher.Launcher.main(Launcher.java:352)
        [ERROR] -> [Help 1]
        [ERROR] 
        [ERROR] To see the full stack trace of the errors, re-run Maven with the -e switch.
        [ERROR] Re-run Maven using the -X switch to enable full debug logging.
        [ERROR] 
        [ERROR] For more information about the errors and possible solutions, please read the following articles:
        [ERROR] [Help 1] http://cwiki.apache.org/confluence/display/MAVEN/MojoFailureException
[INFO] -------------------------------------------------
[INFO] Build Summary:
[INFO]   Passed: 3, Failed: 9, Errors: 0, Skipped: 0
[INFO] -------------------------------------------------
[ERROR] The following builds failed:
[ERROR] *  default-package-injected-type/pom.xml
[ERROR] *  cyclic-deps/pom.xml
[ERROR] *  uninjectable-supertype/pom.xml
[ERROR] *  inject-parameterized-type/pom.xml
[ERROR] *  simple-missing-dependency-failure/pom.xml
[ERROR] *  extension-graph/pom.xml
[ERROR] *  same-provides-method-name/pom.xml
[ERROR] *  multiple-provides-methods/pom.xml
[ERROR] *  missing-at-inject-constructor/pom.xml
[INFO] -------------------------------------------------
[INFO] ------------------------------------------------------------------------
[INFO] Reactor Summary:
[INFO] 
[INFO] Dagger (Parent) ................................... SUCCESS [3.517s]
[INFO] Dagger ............................................ SUCCESS [16.060s]
[INFO] Dagger Compiler ................................... FAILURE [1:58.981s]
[INFO] Dagger AndroidManifest.xml Module Generator ....... SKIPPED
[INFO] Dagger Example .................................... SKIPPED
[INFO] ------------------------------------------------------------------------
[INFO] BUILD FAILURE
[INFO] ------------------------------------------------------------------------
[INFO] Total time: 2:19.080s
[INFO] Finished at: Wed Feb 20 18:31:58 UTC 2013
[INFO] Final Memory: 22M/122M
[INFO] ------------------------------------------------------------------------
[ERROR] Failed to execute goal org.apache.maven.plugins:maven-invoker-plugin:1.7:run (integration-test) on project dagger-compiler: 9 builds failed. See console output above for details. -> [Help 1]
[ERROR] 
[ERROR] To see the full stack trace of the errors, re-run Maven with the -e switch.
[ERROR] Re-run Maven using the -X switch to enable full debug logging.
[ERROR] 
[ERROR] For more information about the errors and possible solutions, please read the following articles:
[ERROR] [Help 1] http://cwiki.apache.org/confluence/display/MAVEN/MojoFailureException
[ERROR] 
[ERROR] After correcting the problems, you can resume the build with the command
[ERROR]   mvn <goals> -rf :dagger-compiler

Done. Build script exited with 1
