Using worker: worker-linux-9-2.bb.travis-ci.org:travis-linux-5

travis_fold:start:system_info[0K[33;1mBuild system information[0m
Build language: android
travis_fold:end:system_info[0K
travis_fold:start:git.checkout[0Ktravis_time:start:15898038[0K$ git clone --depth=50 --branch=jw/set-and-map-tweaks git://github.com/square/dagger.git square/dagger
Cloning into 'square/dagger'...
fatal: unable to connect to github.com:
github.com: Temporary failure in name resolution


[31;1mThe command "eval git clone --depth=50 --branch=jw/set-and-map-tweaks git://github.com/square/dagger.git square/dagger" failed. Retrying, 2 of 3.[0m

Cloning into 'square/dagger'...
fatal: unable to connect to github.com:
github.com: Temporary failure in name resolution


[31;1mThe command "eval git clone --depth=50 --branch=jw/set-and-map-tweaks git://github.com/square/dagger.git square/dagger" failed. Retrying, 3 of 3.[0m

Cloning into 'square/dagger'...
fatal: unable to connect to github.com:
github.com: Temporary failure in name resolution


[31;1mThe command "eval git clone --depth=50 --branch=jw/set-and-map-tweaks git://github.com/square/dagger.git square/dagger" failed 3 times.[0m

travis_time:end:15898038:start=1416134184961337864,finish=1416134303561111452,duration=118599773588[0K
[31;1mThe command "git clone --depth=50 --branch=jw/set-and-map-tweaks git://github.com/square/dagger.git square/dagger" failed and exited with 128 during .[0m

Your build has been stopped.
