[33;1mWARNING[0m: We were unable to find a .travis.yml file. This may not be what you
  want. Build will be run with default settings.

Using worker: worker-linux-85ee80ed-2.bb.travis-ci.org:travis-linux-14

[31;1mCould not find .travis.yml, using standard configuration.[0m
travis_fold:start:system_info[0K[33;1mBuild system information[0m
Build language: ruby
[34m[1mBuild image provisioning date and time[0m
Wed Feb  4 18:22:50 UTC 2015
[34m[1mOperating System Details[0m
Distributor ID:	Ubuntu
Description:	Ubuntu 12.04 LTS
Release:	12.04
Codename:	precise
[34m[1mLinux Version[0m
2.6.32-042stab090.5
[34m[1mCookbooks Version[0m
23bb455 https://github.com/travis-ci/travis-cookbooks/tree/23bb455
[34m[1mGCC version[0m
gcc (Ubuntu/Linaro 4.6.3-1ubuntu5) 4.6.3
Copyright (C) 2011 Free Software Foundation, Inc.
This is free software; see the source for copying conditions.  There is NO
warranty; not even for MERCHANTABILITY or FITNESS FOR A PARTICULAR PURPOSE.

[34m[1mLLVM version[0m
clang version 3.4 (tags/RELEASE_34/final)
Target: x86_64-unknown-linux-gnu
Thread model: posix
[34m[1mPre-installed Ruby versions[0m
ruby-1.9.3-p551
[34m[1mPre-installed Node.js versions[0m
v0.10.36
[34m[1mPre-installed Go versions[0m
1.4.1
[34m[1mRedis version[0m
redis-server 2.8.19
[34m[1mriak version[0m
2.0.2
[34m[1mMongoDB version[0m
MongoDB 2.4.12
[34m[1mCouchDB version[0m
couchdb 1.6.1
[34m[1mNeo4j version[0m
1.9.4
[34m[1mCassandra version[0m
2.0.9
[34m[1mRabbitMQ Version[0m
3.4.3
[34m[1mElasticSearch version[0m
1.4.0
[34m[1mInstalled Sphinx versions[0m
2.0.10
2.1.9
2.2.6
[34m[1mDefault Sphinx version[0m
2.2.6
[34m[1mInstalled Firefox version[0m
firefox 31.0esr
[34m[1mPhantomJS version[0m
1.9.8
[34m[1mant -version[0m
Apache Ant(TM) version 1.8.2 compiled on December 3 2011
[34m[1mmvn -version[0m
Apache Maven 3.2.5 (12a6b3acb947671f09b81f49094c53f426d8cea1; 2014-12-14T17:29:23+00:00)
Maven home: /usr/local/maven
Java version: 1.7.0_76, vendor: Oracle Corporation
Java home: /usr/lib/jvm/java-7-oracle/jre
Default locale: en, platform encoding: UTF-8
OS name: "linux", version: "2.6.32-042stab090.5", arch: "amd64", family: "unix"
travis_fold:end:system_info[0K
travis_fold:start:git.checkout[0Ktravis_time:start:092ac9ba[0K$ git clone --depth=50 --branch=cpp git://github.com/iluwatar/java-design-patterns.git iluwatar/java-design-patterns
Cloning into 'iluwatar/java-design-patterns'...
remote: Counting objects: 6, done.[K
remote: Compressing objects:  50% (1/2)   [Kremote: Compressing objects: 100% (2/2)   [Kremote: Compressing objects: 100% (2/2), done.[K
remote: Total 6 (delta 0), reused 0 (delta 0), pack-reused 0[K
Receiving objects:  16% (1/6)   Receiving objects:  33% (2/6)   Receiving objects:  50% (3/6)   Receiving objects:  66% (4/6)   Receiving objects:  83% (5/6)   Receiving objects: 100% (6/6)   Receiving objects: 100% (6/6), done.
Checking connectivity... done.
travis_time:end:092ac9ba:start=1427145062618774444,finish=1427145062806283525,duration=187509081[0K$ cd iluwatar/java-design-patterns
$ git checkout -qf a26dc7455bc0e48f7208864a2ce65f3489a805c9
travis_fold:end:git.checkout[0Ktravis_fold:start:rvm[0Ktravis_time:start:03d6bd7a[0K$ rvm use default
[32mUsing /home/travis/.rvm/gems/ruby-1.9.3-p551[0m
travis_time:end:03d6bd7a:start=1427145062829318879,finish=1427145063112409350,duration=283090471[0Ktravis_fold:end:rvm[0K$ ruby --version
ruby 1.9.3p551 (2014-11-13 revision 48407) [x86_64-linux]
$ rvm --version
rvm 1.26.10 (latest-minor) by Wayne E. Seguin <wayneeseguin@gmail.com>, Michal Papis <mpapis@gmail.com> [https://rvm.io/]
$ bundle --version
Bundler version 1.7.6
$ gem --version
2.4.5
travis_time:start:25c6eccf[0K$ rake
rake aborted!
No Rakefile found (looking for: rakefile, Rakefile, rakefile.rb, Rakefile.rb)
/home/travis/.rvm/gems/ruby-1.9.3-p551/bin/ruby_executable_hooks:15:in `eval'
/home/travis/.rvm/gems/ruby-1.9.3-p551/bin/ruby_executable_hooks:15:in `<main>'
(See full trace by running task with --trace)
travis_time:end:25c6eccf:start=1427145064794287474,finish=1427145064983020042,duration=188732568[0K
[31;1mThe command "rake" exited with 1.[0m

Done. Your build exited with 1.
