Using worker: worker-linux-11-1.bb.travis-ci.org:travis-linux-12

travis_fold:start:system_info[0K[33;1mBuild system information[0m
Build language: java
travis_fold:end:system_info[0K
travis_fold:start:git.checkout[0Ktravis_time:start:068d1728[0K$ git clone --depth=50 git://github.com/google/guava.git google/guava
Cloning into 'google/guava'...
fatal: unable to connect to github.com:
github.com: Temporary failure in name resolution


[31;1mThe command "eval git clone --depth=50 git://github.com/google/guava.git google/guava" failed. Retrying, 2 of 3.[0m

Cloning into 'google/guava'...
fatal: unable to connect to github.com:
github.com: Temporary failure in name resolution


[31;1mThe command "eval git clone --depth=50 git://github.com/google/guava.git google/guava" failed. Retrying, 3 of 3.[0m

Cloning into 'google/guava'...
fatal: unable to connect to github.com:
github.com: Temporary failure in name resolution


[31;1mThe command "eval git clone --depth=50 git://github.com/google/guava.git google/guava" failed 3 times.[0m

travis_time:end:068d1728:start=1416264426355219249,finish=1416264504795120723,duration=78439901474[0K
[31;1mThe command "git clone --depth=50 git://github.com/google/guava.git google/guava" failed and exited with 128 during .[0m

Your build has been stopped.
