Using worker: worker-linux-2-2.bb.travis-ci.org:travis-linux-8

$ export TERM=dumb
$ export nexusUsername=[secure]
$ export nexusPassword=[secure]
$ export GH_TOKEN_LVA=[secure]
$ export ANDROID_SDKS=sysimg-19
$ export ANDROID_TARGET=android-19
$ export ANDROID_ABI=armeabi-v7a
$ export SKIN=WXGA800
$ export LINT=true
$ export MAVEN=true
travis_fold:start:git.1$ git clone --depth=50 --branch=feature_maintenance-animateaddition git://github.com/[secure]/ListViewAnimations.git [secure]/ListViewAnimations
Cloning into '[secure]/ListViewAnimations'...
warning: Could not find remote branch feature_maintenance-animateaddition to clone.
fatal: Remote branch feature_maintenance-animateaddition not found in upstream origin

[31;1mThe command "git clone --depth=50 --branch=feature_maintenance-animateaddition git://github.com/[secure]/ListViewAnimations.git [secure]/ListViewAnimations" failed. Retrying, 2 of 3.[0m

Cloning into '[secure]/ListViewAnimations'...
warning: Could not find remote branch feature_maintenance-animateaddition to clone.
fatal: Remote branch feature_maintenance-animateaddition not found in upstream origin

[31;1mThe command "git clone --depth=50 --branch=feature_maintenance-animateaddition git://github.com/[secure]/ListViewAnimations.git [secure]/ListViewAnimations" failed. Retrying, 3 of 3.[0m

Cloning into '[secure]/ListViewAnimations'...
warning: Could not find remote branch feature_maintenance-animateaddition to clone.
fatal: Remote branch feature_maintenance-animateaddition not found in upstream origin

[31;1mThe command "git clone --depth=50 --branch=feature_maintenance-animateaddition git://github.com/[secure]/ListViewAnimations.git [secure]/ListViewAnimations" failed and exited with 128 during .[0m

Your build has been stopped.
