Using worker: worker-linux-6-1.bb.travis-ci.org:travis-linux-15

travis_fold:start:system_info[0K[33;1mBuild system information[0m
Build language: android
travis_fold:end:system_info[0K
travis_fold:start:git.checkout[0Ktravis_time:start:1f8dc1d6[0K$ git clone --depth=50 --branch=dimitris/okhttp21-2 git://github.com/square/picasso.git square/picasso
Cloning into 'square/picasso'...
warning: Could not find remote branch dimitris/okhttp21-2 to clone.
fatal: Remote branch dimitris/okhttp21-2 not found in upstream origin

[31;1mThe command "eval git clone --depth=50 --branch=dimitris/okhttp21-2 git://github.com/square/picasso.git square/picasso" failed. Retrying, 2 of 3.[0m

Cloning into 'square/picasso'...
warning: Could not find remote branch dimitris/okhttp21-2 to clone.
fatal: Remote branch dimitris/okhttp21-2 not found in upstream origin

[31;1mThe command "eval git clone --depth=50 --branch=dimitris/okhttp21-2 git://github.com/square/picasso.git square/picasso" failed. Retrying, 3 of 3.[0m

Cloning into 'square/picasso'...
warning: Could not find remote branch dimitris/okhttp21-2 to clone.
fatal: Remote branch dimitris/okhttp21-2 not found in upstream origin

[31;1mThe command "eval git clone --depth=50 --branch=dimitris/okhttp21-2 git://github.com/square/picasso.git square/picasso" failed 3 times.[0m

travis_time:end:1f8dc1d6:start=1416297476144948294,finish=1416297479364365778,duration=3219417484[0K
[31;1mThe command "git clone --depth=50 --branch=dimitris/okhttp21-2 git://github.com/square/picasso.git square/picasso" failed and exited with 128 during .[0m

Your build has been stopped.
