Using worker: worker-linux-3-1.bb.travis-ci.org:travis-linux-5

travis_fold:start:system_info[0K[33;1mBuild system information[0m
Build language: android
[34m[1mBuild image provisioning date and time[0m
Mon Dec  8 21:54:34 UTC 2014
[34m[1mlsb_release -a[0m
Distributor ID:	Ubuntu
Description:	Ubuntu 12.04 LTS
Release:	12.04
Codename:	precise
[34m[1mCookbooks Version[0m
6fa020b https://github.com/travis-ci/travis-cookbooks/tree/6fa020b
[34m[1mGCC version[0m
gcc (Ubuntu/Linaro 4.6.3-1ubuntu5) 4.6.3
Copyright (C) 2011 Free Software Foundation, Inc.
This is free software; see the source for copying conditions.  There is NO
warranty; not even for MERCHANTABILITY or FITNESS FOR A PARTICULAR PURPOSE.

[34m[1mLLVM version[0m
clang version 3.4 (tags/RELEASE_34/final)
Target: x86_64-unknown-linux-gnu
Thread model: posix
[34m[1mPre-installed Ruby versions[0m
ruby-1.9.3-p551
[34m[1mPre-installed Node.js versions[0m
v0.10.33
[34m[1mPre-installed Go versions[0m
go1.3.3
[34m[1mRedis version[0m
redis-server 2.8.18
[34m[1mriak version[0m
1.4.12
[34m[1mMongoDB version[0m
MongoDB 2.4.12
[34m[1mCouchDB version[0m
couchdb 1.6.1
[34m[1mNeo4j version[0m
1.9.4
[34m[1mCassandra version[0m
2.0.9
[34m[1mRabbitMQ Version[0m
3.4.2
[34m[1mElasticSearch version[0m
1.4.0
[34m[1mInstalled Sphinx versions[0m
2.0.10
2.1.9
2.2.4
[34m[1mDefault Sphinx version[0m
2.1.9
[34m[1mInstalled Firefox version[0m
firefox 31.0esr
[34m[1mPhantomJS version[0m
1.9.8
[34m[1mAndroid SDK Tools Version[0m
24.0.0
[34m[1mAndroid installed components[0m
addon-google_apis-google-10
addon-google_apis-google-11
addon-google_apis-google-12
addon-google_apis-google-13
addon-google_apis-google-14
addon-google_apis-google-15
addon-google_apis-google-16
addon-google_apis-google-17
addon-google_apis-google-18
addon-google_apis-google-19
addon-google_apis-google-21
addon-google_apis-google-3
addon-google_apis-google-4
addon-google_apis-google-5
addon-google_apis-google-6
addon-google_apis-google-7
addon-google_apis-google-8
addon-google_apis-google-9
addon-google_apis_x86-google-19
addon-google_gdk-google-19
addon-google_tv_addon-google-12
addon-google_tv_addon-google-13
android-10
android-11
android-12
android-13
android-14
android-15
android-16
android-17
android-18
android-19
android-2
android-20
android-21
android-3
android-4
android-5
android-6
android-7
android-8
android-9
build-tools-17.0.0
build-tools-18.0.1
build-tools-18.1.0
build-tools-18.1.1
build-tools-19.0.0
build-tools-19.0.1
build-tools-19.0.2
build-tools-19.0.3
build-tools-19.1.0
build-tools-20.0.0
build-tools-21.0.0
build-tools-21.0.1
build-tools-21.0.2
build-tools-21.1.0
build-tools-21.1.1
doc-21
extra-android-m2repository
extra-android-support
extra-google-admob_ads_sdk
extra-google-analytics_sdk_v2
extra-google-gcm
extra-google-google_play_services
extra-google-google_play_services_froyo
extra-google-m2repository
extra-google-play_apk_expansion
extra-google-play_billing
extra-google-play_licensing
extra-google-simulators
extra-google-webdriver
platform-tools
sample-10
sample-11
sample-12
sample-13
sample-14
sample-15
sample-16
sample-17
sample-18
sample-19
sample-20
sample-21
sample-7
sample-8
sample-9
source-14
source-15
source-16
source-17
source-18
source-19
source-20
source-21
sys-img-armeabi-v7a-addon-google_apis-google-21
sys-img-armeabi-v7a-android-14
sys-img-armeabi-v7a-android-15
sys-img-armeabi-v7a-android-16
sys-img-armeabi-v7a-android-17
sys-img-armeabi-v7a-android-18
sys-img-armeabi-v7a-android-19
sys-img-armeabi-v7a-android-21
sys-img-armeabi-v7a-android-tv-21
sys-img-armeabi-v7a-android-wear-20
sys-img-mips-android-15
sys-img-mips-android-16
sys-img-mips-android-17
sys-img-x86_64-addon-google_apis-google-21
sys-img-x86_64-android-21
sys-img-x86-addon-google_apis-google-21
sys-img-x86-android-10
sys-img-x86-android-15
sys-img-x86-android-16
sys-img-x86-android-17
sys-img-x86-android-18
sys-img-x86-android-19
sys-img-x86-android-21
sys-img-x86-android-tv-21
sys-img-x86-android-wear-20
tools
[34m[1mant -version[0m
Apache Ant(TM) version 1.8.2 compiled on December 3 2011
[34m[1mmvn -version[0m
Apache Maven 3.2.3 (33f8c3e1027c3ddde99d3cdebad2656a31e8fdf4; 2014-08-11T20:58:10+00:00)
Maven home: /usr/local/maven
Java version: 1.7.0_72, vendor: Oracle Corporation
Java home: /usr/lib/jvm/java-7-oracle/jre
Default locale: en_US, platform encoding: UTF-8
OS name: "linux", version: "2.6.32-042stab090.5", arch: "amd64", family: "unix"
[34m[1mgradle -version[0m

------------------------------------------------------------
Gradle 2.0
------------------------------------------------------------

Build time:   2014-07-01 07:45:34 UTC
Build number: none
Revision:     b6ead6fa452dfdadec484059191eb641d817226c

Groovy:       2.3.3
Ant:          Apache Ant(TM) version 1.9.3 compiled on December 23 2013
JVM:          1.7.0_72 (Oracle Corporation 24.72-b04)
OS:           Linux 2.6.32-042stab090.5 amd64

travis_fold:end:system_info[0K
travis_fold:start:git.checkout[0Ktravis_time:start:047a2252[0K$ git clone --depth=50 --branch=jw/invalidate-key git://github.com/square/picasso.git square/picasso
Cloning into 'square/picasso'...
warning: Could not find remote branch jw/invalidate-key to clone.
fatal: Remote branch jw/invalidate-key not found in upstream origin

[31;1mThe command "eval git clone --depth=50 --branch=jw/invalidate-key git://github.com/square/picasso.git square/picasso" failed. Retrying, 2 of 3.[0m

Cloning into 'square/picasso'...
warning: Could not find remote branch jw/invalidate-key to clone.
fatal: Remote branch jw/invalidate-key not found in upstream origin

[31;1mThe command "eval git clone --depth=50 --branch=jw/invalidate-key git://github.com/square/picasso.git square/picasso" failed. Retrying, 3 of 3.[0m

Cloning into 'square/picasso'...
warning: Could not find remote branch jw/invalidate-key to clone.
fatal: Remote branch jw/invalidate-key not found in upstream origin

[31;1mThe command "eval git clone --depth=50 --branch=jw/invalidate-key git://github.com/square/picasso.git square/picasso" failed 3 times.[0m

travis_time:end:047a2252:start=1418346787158589537,finish=1418346790375410478,duration=3216820941[0K
[31;1mThe command "git clone --depth=50 --branch=jw/invalidate-key git://github.com/square/picasso.git square/picasso" failed and exited with 128 during .[0m

Your build has been stopped.
