Using worker: bluebox-linux-1.worker.travis-ci.org:travis-linux-2

$ git clone --depth=100 --quiet --branch=master git://github.com/JakeWharton/butterknife.git JakeWharton/butterknife
$ cd JakeWharton/butterknife
$ git checkout -qf 1ac9ac39a6dc189da19aeaa48bd185ee96490434
$ java -version
java version "1.7.0_09"
OpenJDK Runtime Environment (IcedTea7 2.3.4) (7u9-2.3.4-0ubuntu1.12.04.1)
OpenJDK 64-Bit Server VM (build 23.2-b09, mixed mode)
$ javac -version
javac 1.7.0_09
$ mvn install --quiet -DskipTests=true
[ERROR] Error when generating sources.
org.apache.maven.plugin.MojoExecutionException: No Android SDK path could be found. You may configure it in the plugin configuration section in the pom file using <sdk><path>...</path></sdk> or <properties><android.sdk.path>...</android.sdk.path></properties> or on command-line using -Dandroid.sdk.path=... or by setting environment variable ANDROID_HOME
	at com.jayway.maven.plugins.android.AbstractAndroidMojo.getAndroidHomeOrThrow(AbstractAndroidMojo.java:1163)
	at com.jayway.maven.plugins.android.AbstractAndroidMojo.getAndroidSdk(AbstractAndroidMojo.java:1116)
	at com.jayway.maven.plugins.android.phase01generatesources.GenerateSourcesMojo.generateR(GenerateSourcesMojo.java:455)
	at com.jayway.maven.plugins.android.phase01generatesources.GenerateSourcesMojo.execute(GenerateSourcesMojo.java:193)
	at org.apache.maven.plugin.DefaultBuildPluginManager.executeMojo(DefaultBuildPluginManager.java:101)
	at org.apache.maven.lifecycle.internal.MojoExecutor.execute(MojoExecutor.java:209)
	at org.apache.maven.lifecycle.internal.MojoExecutor.execute(MojoExecutor.java:153)
	at org.apache.maven.lifecycle.internal.MojoExecutor.execute(MojoExecutor.java:145)
	at org.apache.maven.lifecycle.internal.LifecycleModuleBuilder.buildProject(LifecycleModuleBuilder.java:84)
	at org.apache.maven.lifecycle.internal.LifecycleModuleBuilder.buildProject(LifecycleModuleBuilder.java:59)
	at org.apache.maven.lifecycle.internal.LifecycleStarter.singleThreadedBuild(LifecycleStarter.java:183)
	at org.apache.maven.lifecycle.internal.LifecycleStarter.execute(LifecycleStarter.java:161)
	at org.apache.maven.DefaultMaven.doExecute(DefaultMaven.java:320)
	at org.apache.maven.DefaultMaven.execute(DefaultMaven.java:156)
	at org.apache.maven.cli.MavenCli.execute(MavenCli.java:537)
	at org.apache.maven.cli.MavenCli.doMain(MavenCli.java:196)
	at org.apache.maven.cli.MavenCli.main(MavenCli.java:141)
	at sun.reflect.NativeMethodAccessorImpl.invoke0(Native Method)
	at sun.reflect.NativeMethodAccessorImpl.invoke(NativeMethodAccessorImpl.java:57)
	at sun.reflect.DelegatingMethodAccessorImpl.invoke(DelegatingMethodAccessorImpl.java:43)
	at java.lang.reflect.Method.invoke(Method.java:601)
	at org.codehaus.plexus.classworlds.launcher.Launcher.launchEnhanced(Launcher.java:290)
	at org.codehaus.plexus.classworlds.launcher.Launcher.launch(Launcher.java:230)
	at org.codehaus.plexus.classworlds.launcher.Launcher.mainWithExitCode(Launcher.java:409)
	at org.codehaus.plexus.classworlds.launcher.Launcher.main(Launcher.java:352)
[ERROR] Failed to execute goal com.jayway.maven.plugins.android.generation2:android-maven-plugin:3.5.1:generate-sources (default-generate-sources) on project butterknife-sample: No Android SDK path could be found. You may configure it in the plugin configuration section in the pom file using <sdk><path>...</path></sdk> or <properties><android.sdk.path>...</android.sdk.path></properties> or on command-line using -Dandroid.sdk.path=... or by setting environment variable ANDROID_HOME -> [Help 1]
[ERROR] 
[ERROR] To see the full stack trace of the errors, re-run Maven with the -e switch.
[ERROR] Re-run Maven using the -X switch to enable full debug logging.
[ERROR] 
[ERROR] For more information about the errors and possible solutions, please read the following articles:
[ERROR] [Help 1] http://cwiki.apache.org/confluence/display/MAVEN/MojoExecutionException
[ERROR] 
[ERROR] After correcting the problems, you can resume the build with the command
[ERROR]   mvn <goals> -rf :butterknife-sample

The command "mvn install --quiet -DskipTests=true" failed and exited with 1 during install.

Your build has been stopped.
