Using worker: bluebox-jvm-otp.worker.travis-ci.org:travis-jvm-8

$ git clone --depth=100 --quiet --branch=dev git://github.com/JakeWharton/ActionBarSherlock.git JakeWharton/ActionBarSherlock
$ cd JakeWharton/ActionBarSherlock
$ git checkout -qf 2a02df8f772f374a8cf93fd7d146a1d97e775e8f
$ java -version
java version "1.7.0_09"
OpenJDK Runtime Environment (IcedTea7 2.3.4) (7u9-2.3.4-0ubuntu1.12.04.1)
OpenJDK 64-Bit Server VM (build 23.2-b09, mixed mode)
$ javac -version
javac 1.7.0_09
$ wget http://dl.google.com/android/android-sdk_r20.0.3-linux.tgz
--2013-01-26 01:38:40--  http://dl.google.com/android/android-sdk_r20.0.3-linux.tgz
Resolving dl.google.com (dl.google.com)... 2607:f8b0:400d:c00::88, 74.125.228.41, 74.125.228.38, ...
Connecting to dl.google.com (dl.google.com)|2607:f8b0:400d:c00::88|:80... failed: No route to host.
Connecting to dl.google.com (dl.google.com)|74.125.228.41|:80... connected.
HTTP request sent, awaiting response... 200 OK
Length: 82616305 (79M) [application/x-tar]
Saving to: `android-sdk_r20.0.3-linux.tgz'

 0% [                                       ] 0           --.-K/s               2% [                                       ] 2,104,242   8.77M/s               8% [==>                                    ] 7,411,676   16.5M/s              16% [=====>                                 ] 13,850,498  21.0M/s              27% [=========>                             ] 23,076,864  26.4M/s              37% [=============>                         ] 31,233,452  28.8M/s              45% [================>                      ] 37,756,928  28.8M/s              53% [===================>                   ] 44,253,184  29.1M/s              60% [======================>                ] 50,339,840  29.0M/s              68% [=========================>             ] 56,631,296  29.0M/s              78% [=============================>         ] 65,019,904  28.6M/s              86% [================================>      ] 71,670,082  28.9M/s              91% [==================================>    ] 75,265,996  28.0M/s              100%[======================================>] 82,616,305  28.7M/s   in 2.7s    

2013-01-26 01:38:46 (28.7 MB/s) - `android-sdk_r20.0.3-linux.tgz' saved [82616305/82616305]

$ tar -zxf android-sdk_r20.0.3-linux.tgz
$ export ANDROID_HOME=~/builds/JakeWharton/ActionBarSherlock/android-sdk-linux
$ export PATH=${PATH}:${ANDROID_HOME}/tools:${ANDROID_HOME}/platform-tools
$ TOOLS=$(android list sdk --no-ui | grep "Android SDK Platform-tools" | cut -d"-" -f1)
/home/travis/build.sh: line 98: android: command not found
$ android update sdk --filter "$TOOLS" --no-ui --force
/home/travis/build.sh: line 101: android: command not found
\nThe command "android update sdk --filter "$TOOLS" --no-ui --force" failed and exited with 127 during before_install.\n\nYour build has been stopped.
