Using worker: bluebox-jvm-otp.worker.travis-ci.org:travis-jvm-3

$ git clone --depth=100 --quiet --branch=dev git://github.com/JakeWharton/ActionBarSherlock.git JakeWharton/ActionBarSherlock
$ cd JakeWharton/ActionBarSherlock
$ git checkout -qf 031837492d4414c5333c201281dcdf6d0ee55b6b
$ java -version
java version "1.7.0_09"
OpenJDK Runtime Environment (IcedTea7 2.3.4) (7u9-2.3.4-0ubuntu1.12.04.1)
OpenJDK 64-Bit Server VM (build 23.2-b09, mixed mode)
$ javac -version
javac 1.7.0_09
$ wget http://dl.google.com/android/android-sdk_r20.0.3-linux.tgz
--2013-01-29 02:24:36--  http://dl.google.com/android/android-sdk_r20.0.3-linux.tgz
Resolving dl.google.com (dl.google.com)... 2607:f8b0:400d:c00::5d, 74.125.228.40, 74.125.228.34, ...
Connecting to dl.google.com (dl.google.com)|2607:f8b0:400d:c00::5d|:80... failed: No route to host.
Connecting to dl.google.com (dl.google.com)|74.125.228.40|:80... connected.
HTTP request sent, awaiting response... 200 OK
Length: 82616305 (79M) [application/x-tar]
Saving to: `android-sdk_r20.0.3-linux.tgz'

 0% [                                       ] 0           --.-K/s               2% [                                       ] 2,098,570   8.60M/s               8% [==>                                    ] 7,384,418   16.3M/s              19% [======>                                ] 15,739,842  23.7M/s              26% [=========>                             ] 21,735,660  24.9M/s              35% [============>                          ] 29,365,800  26.9M/s              42% [===============>                       ] 34,963,762  26.9M/s              51% [===================>                   ] 42,690,472  28.3M/s              60% [======================>                ] 50,337,320  28.7M/s              69% [==========================>            ] 57,200,992  29.1M/s              78% [=============================>         ] 65,017,384  29.6M/s              91% [==================================>    ] 75,459,864  31.3M/s              98% [=====================================> ] 81,603,232  31.1M/s              100%[======================================>] 82,616,305  31.3M/s   in 2.5s    

2013-01-29 02:24:42 (31.3 MB/s) - `android-sdk_r20.0.3-linux.tgz' saved [82616305/82616305]

$ tar -zxf android-sdk_r20.0.3-linux.tgz
$ export ANDROID_HOME=~/builds/JakeWharton/ActionBarSherlock/android-sdk-linux
$ export PATH=${PATH}:${ANDROID_HOME}/tools:${ANDROID_HOME}/platform-tools
$ TOOLS=$(android list sdk --no-ui | grep "Android SDK Platform-tools" | cut -d"-" -f1)
/home/travis/build.sh: line 98: android: command not found
$ android update sdk --filter "$TOOLS" --no-ui --force
/home/travis/build.sh: line 101: android: command not found

The command "android update sdk --filter "$TOOLS" --no-ui --force" failed and exited with 127 during before_install.

Your build has been stopped.
