Using worker: bluebox-linux-4.worker.travis-ci.org:travis-linux-7

$ git clone --depth=100 --quiet --branch=dev git://github.com/JakeWharton/ActionBarSherlock.git JakeWharton/ActionBarSherlock
$ cd JakeWharton/ActionBarSherlock
$ git checkout -qf b3470b219bf87f9744905ae6fd991b8ac425501d
$ java -version
java version "1.7.0_09"
OpenJDK Runtime Environment (IcedTea7 2.3.4) (7u9-2.3.4-0ubuntu1.12.04.1)
OpenJDK 64-Bit Server VM (build 23.2-b09, mixed mode)
$ javac -version
javac 1.7.0_09
$ wget http://dl.google.com/android/android-sdk_r20.0.3-linux.tgz
--2013-03-02 07:01:40--  http://dl.google.com/android/android-sdk_r20.0.3-linux.tgz
Resolving dl.google.com (dl.google.com)... 173.194.74.190, 173.194.74.91, 173.194.74.93, ...
Connecting to dl.google.com (dl.google.com)|173.194.74.190|:80... connected.
HTTP request sent, awaiting response... 200 OK
Length: 82616305 (79M) [application/x-tar]
Saving to: `android-sdk_r20.0.3-linux.tgz'

 0% [                                       ] 0           --.-K/s               2% [                                       ] 2,105,344   8.92M/s              10% [==>                                    ] 8,396,800   17.8M/s              16% [=====>                                 ] 13,289,476  19.5M/s              21% [=======>                               ] 18,033,974  20.2M/s              27% [=========>                             ] 23,076,864  20.3M/s              38% [=============>                         ] 31,465,472  21.6M/s              45% [================>                      ] 37,756,928  22.5M/s              53% [===================>                   ] 44,048,384  22.8M/s              60% [======================>                ] 50,339,840  23.2M/s              68% [=========================>             ] 56,631,296  23.6M/s              76% [============================>          ] 62,857,508  24.1M/s              81% [==============================>        ] 67,117,056  23.7M/s              89% [=================================>     ] 73,727,280  24.3M/s              93% [===================================>   ] 77,602,816  22.6M/s  eta 0s      100%[======================================>] 82,616,305  23.3M/s   in 3.4s    

2013-03-02 07:01:43 (23.3 MB/s) - `android-sdk_r20.0.3-linux.tgz' saved [82616305/82616305]

$ tar -zxf android-sdk_r20.0.3-linux.tgz
$ export ANDROID_HOME=~/builds/JakeWharton/ActionBarSherlock/android-sdk-linux
$ export PATH=${PATH}:${ANDROID_HOME}/tools:${ANDROID_HOME}/platform-tools
$ TOOLS=$(android list sdk --no-ui | grep "Android SDK Platform-tools" | cut -d"-" -f1)
/home/travis/build.sh: line 104: android: command not found
$ android update sdk --filter "$TOOLS" --no-ui --force
/home/travis/build.sh: line 107: android: command not found

The command "android update sdk --filter "$TOOLS" --no-ui --force" failed and exited with 127 during before_install.

Your build has been stopped.
