Using worker: bluebox-linux-1.worker.travis-ci.org:travis-linux-6

$ git clone --depth=100 --quiet --branch=jw/abstract-http-client git://github.com/square/retrofit.git square/retrofit
$ cd square/retrofit
$ git checkout -qf 326fec79e1a3be7686f7ea5c0663aeff317a2ab0
$ java -version
java version "1.7.0_09"
OpenJDK Runtime Environment (IcedTea7 2.3.4) (7u9-2.3.4-0ubuntu1.12.04.1)
OpenJDK 64-Bit Server VM (build 23.2-b09, mixed mode)
$ javac -version
javac 1.7.0_09
$ mvn install --quiet -DskipTests=true
$ mvn test
[INFO] Scanning for projects...
[INFO] ------------------------------------------------------------------------
[INFO] Reactor Build Order:
[INFO] 
[INFO] Retrofit (Parent)
[INFO] Retrofit
[INFO] Samples
[INFO] Sample: Twitter Client
[INFO]                                                                         
[INFO] ------------------------------------------------------------------------
[INFO] Building Retrofit (Parent) 1.0.0-SNAPSHOT
[INFO] ------------------------------------------------------------------------
[INFO] 
[INFO] --- maven-enforcer-plugin:1.0:enforce (enforce-maven) @ parent ---
[INFO]                                                                         
[INFO] ------------------------------------------------------------------------
[INFO] Building Retrofit 1.0.0-SNAPSHOT
[INFO] ------------------------------------------------------------------------
Downloading: https://repository.apache.org/snapshots/com/google/code/gson/gson/2.2.3-SNAPSHOT/maven-metadata.xml
[INFO] 
[INFO] --- maven-enforcer-plugin:1.0:enforce (enforce-maven) @ retrofit ---
[INFO] 
[INFO] --- maven-resources-plugin:2.3:resources (default-resources) @ retrofit ---
[INFO] Using 'UTF-8' encoding to copy filtered resources.
[INFO] skip non existing resourceDirectory /home/travis/build/square/retrofit/retrofit/src/main/resources
[INFO] 
[INFO] --- maven-compiler-plugin:2.5:compile (default-compile) @ retrofit ---
[INFO] Nothing to compile - all classes are up to date
[INFO] 
[INFO] --- maven-resources-plugin:2.3:testResources (default-testResources) @ retrofit ---
[INFO] Using 'UTF-8' encoding to copy filtered resources.
[INFO] skip non existing resourceDirectory /home/travis/build/square/retrofit/retrofit/src/test/resources
[INFO] 
[INFO] --- maven-compiler-plugin:2.5:testCompile (default-testCompile) @ retrofit ---
[INFO] Nothing to compile - all classes are up to date
[INFO] 
[INFO] --- maven-surefire-plugin:2.10:test (default-test) @ retrofit ---
[INFO] Surefire report directory: /home/travis/build/square/retrofit/retrofit/target/surefire-reports
Downloading: http://maven.mirrors.travis-ci.org/nexus/content/repositories/central/org/apache/maven/surefire/surefire-junit4/2.10/surefire-junit4-2.10.pom
3/3 KB            Downloaded: http://maven.mirrors.travis-ci.org/nexus/content/repositories/central/org/apache/maven/surefire/surefire-junit4/2.10/surefire-junit4-2.10.pom (3 KB at 4.6 KB/sec)
Downloading: http://maven.mirrors.travis-ci.org/nexus/content/repositories/central/org/apache/maven/surefire/surefire-providers/2.10/surefire-providers-2.10.pom
3/3 KB            Downloaded: http://maven.mirrors.travis-ci.org/nexus/content/repositories/central/org/apache/maven/surefire/surefire-providers/2.10/surefire-providers-2.10.pom (3 KB at 7.1 KB/sec)
Downloading: http://maven.mirrors.travis-ci.org/nexus/content/repositories/central/org/apache/maven/surefire/surefire-junit4/2.10/surefire-junit4-2.10.jar
4/33 KB   8/33 KB   9/33 KB   13/33 KB   17/33 KB   21/33 KB   25/33 KB   27/33 KB   31/33 KB   33/33 KB              Downloaded: http://maven.mirrors.travis-ci.org/nexus/content/repositories/central/org/apache/maven/surefire/surefire-junit4/2.10/surefire-junit4-2.10.jar (33 KB at 64.3 KB/sec)

-------------------------------------------------------
 T E S T S
-------------------------------------------------------
Running retrofit.http.client.ApacheClientTest
Tests run: 6, Failures: 1, Errors: 0, Skipped: 0, Time elapsed: 0.58 sec <<< FAILURE!
Running retrofit.http.RequestBuilderTest
Tests run: 13, Failures: 0, Errors: 0, Skipped: 0, Time elapsed: 0.447 sec
Running retrofit.http.CallbackRunnableTest
Tests run: 2, Failures: 0, Errors: 0, Skipped: 0, Time elapsed: 0.103 sec
Running retrofit.http.RestAdapterTest
Tests run: 8, Failures: 0, Errors: 0, Skipped: 0, Time elapsed: 0.097 sec
Running retrofit.http.RestMethodInfoTest
Tests run: 49, Failures: 0, Errors: 0, Skipped: 1, Time elapsed: 0.195 sec
Running retrofit.http.UtilsTest
Tests run: 1, Failures: 0, Errors: 0, Skipped: 0, Time elapsed: 0.001 sec
Running retrofit.io.TypedByteArrayTest
Tests run: 1, Failures: 0, Errors: 0, Skipped: 0, Time elapsed: 0.001 sec
Running retrofit.io.TypedFileTest
Tests run: 3, Failures: 0, Errors: 0, Skipped: 0, Time elapsed: 0.005 sec

Results :

Failed tests:   post(retrofit.http.client.ApacheClientTest): expected:<'text/plain[]'> but was:<'text/plain[; charset=UTF-8]'>

Tests run: 83, Failures: 1, Errors: 0, Skipped: 1

[INFO] ------------------------------------------------------------------------
[INFO] Reactor Summary:
[INFO] 
[INFO] Retrofit (Parent) ................................. SUCCESS [1.174s]
[INFO] Retrofit .......................................... FAILURE [6.280s]
[INFO] Samples ........................................... SKIPPED
[INFO] Sample: Twitter Client ............................ SKIPPED
[INFO] ------------------------------------------------------------------------
[INFO] BUILD FAILURE
[INFO] ------------------------------------------------------------------------
[INFO] Total time: 7.965s
[INFO] Finished at: Tue Feb 12 02:50:12 UTC 2013
[INFO] Final Memory: 12M/135M
[INFO] ------------------------------------------------------------------------
[ERROR] Failed to execute goal org.apache.maven.plugins:maven-surefire-plugin:2.10:test (default-test) on project retrofit: There are test failures.
[ERROR] 
[ERROR] Please refer to /home/travis/build/square/retrofit/retrofit/target/surefire-reports for the individual test results.
[ERROR] -> [Help 1]
[ERROR] 
[ERROR] To see the full stack trace of the errors, re-run Maven with the -e switch.
[ERROR] Re-run Maven using the -X switch to enable full debug logging.
[ERROR] 
[ERROR] For more information about the errors and possible solutions, please read the following articles:
[ERROR] [Help 1] http://cwiki.apache.org/confluence/display/MAVEN/MojoFailureException
[ERROR] 
[ERROR] After correcting the problems, you can resume the build with the command
[ERROR]   mvn <goals> -rf :retrofit

Done. Build script exited with 1
