Using worker: bluebox-linux-2.worker.travis-ci.org:travis-linux-2

$ git clone --depth=100 --quiet --branch=jw/kill-all-mimes git://github.com/square/retrofit.git square/retrofit
$ cd square/retrofit
$ git checkout -qf 3ad429504d0230bc7cdcbe2e942b87ad2f59fc56
$ java -version
java version "1.7.0_09"
OpenJDK Runtime Environment (IcedTea7 2.3.4) (7u9-2.3.4-0ubuntu1.12.04.1)
OpenJDK 64-Bit Server VM (build 23.2-b09, mixed mode)
$ javac -version
javac 1.7.0_09
$ mvn install --quiet -DskipTests=true
[ERROR] Failed to execute goal org.apache.maven.plugins:maven-enforcer-plugin:1.0:enforce (enforce-maven) on project parent: Execution enforce-maven of goal org.apache.maven.plugins:maven-enforcer-plugin:1.0:enforce failed: Plugin org.apache.maven.plugins:maven-enforcer-plugin:1.0 or one of its dependencies could not be resolved: Failed to collect dependencies for org.apache.maven.plugins:maven-enforcer-plugin:jar:1.0 (): Failed to read artifact descriptor for org.apache.maven.doxia:doxia-sink-api:jar:1.0-alpha-10: Could not transfer artifact org.apache.maven:maven-parent:pom:6 from/to travis-ci-central (http://maven.mirrors.travis-ci.org/nexus/content/repositories/central/): GET request of: org/apache/maven/maven-parent/6/maven-parent-6.pom from travis-ci-central failed: Read timed out -> [Help 1]
[ERROR] 
[ERROR] To see the full stack trace of the errors, re-run Maven with the -e switch.
[ERROR] Re-run Maven using the -X switch to enable full debug logging.
[ERROR] 
[ERROR] For more information about the errors and possible solutions, please read the following articles:
[ERROR] [Help 1] http://cwiki.apache.org/confluence/display/MAVEN/PluginResolutionException

The command "mvn install --quiet -DskipTests=true" failed and exited with 1 during install.

Your build has been stopped.
