Using worker: worker-linux-12-1.bb.travis-ci.org:travis-linux-4

travis_fold:start:system_info[0K[33;1mBuild system information[0m
Build language: java
travis_fold:end:system_info[0K
travis_fold:start:git.checkout[0Ktravis_time:start:356133d8[0K$ git clone --depth=50 --branch=upgrade-gradle-1.12 git://github.com/Netflix/Hystrix.git Netflix/Hystrix
Cloning into 'Netflix/Hystrix'...
warning: Could not find remote branch upgrade-gradle-1.12 to clone.
fatal: Remote branch upgrade-gradle-1.12 not found in upstream origin

[31;1mThe command "eval git clone --depth=50 --branch=upgrade-gradle-1.12 git://github.com/Netflix/Hystrix.git Netflix/Hystrix" failed. Retrying, 2 of 3.[0m

Cloning into 'Netflix/Hystrix'...
warning: Could not find remote branch upgrade-gradle-1.12 to clone.
fatal: Remote branch upgrade-gradle-1.12 not found in upstream origin

[31;1mThe command "eval git clone --depth=50 --branch=upgrade-gradle-1.12 git://github.com/Netflix/Hystrix.git Netflix/Hystrix" failed. Retrying, 3 of 3.[0m

Cloning into 'Netflix/Hystrix'...
warning: Could not find remote branch upgrade-gradle-1.12 to clone.
fatal: Remote branch upgrade-gradle-1.12 not found in upstream origin

[31;1mThe command "eval git clone --depth=50 --branch=upgrade-gradle-1.12 git://github.com/Netflix/Hystrix.git Netflix/Hystrix" failed 3 times.[0m

travis_time:end:356133d8:start=1416425049957566749,finish=1416425053222102768,duration=3264536019[0K
[31;1mThe command "git clone --depth=50 --branch=upgrade-gradle-1.12 git://github.com/Netflix/Hystrix.git Netflix/Hystrix" failed and exited with 128 during .[0m

Your build has been stopped.
