Using worker: worker-linux-10-2.bb.travis-ci.org:travis-linux-20

travis_fold:start:system_info[0K[33;1mBuild system information[0m
Build language: android
travis_fold:end:system_info[0K
travis_fold:start:git.checkout[0Ktravis_time:start:0396ee3e[0K$ git clone --depth=50 --branch=new_memory_cache_api git://github.com/nostra13/Android-Universal-Image-Loader.git nostra13/Android-Universal-Image-Loader
Cloning into 'nostra13/Android-Universal-Image-Loader'...
fatal: unable to connect to github.com:
github.com: Temporary failure in name resolution


[31;1mThe command "eval git clone --depth=50 --branch=new_memory_cache_api git://github.com/nostra13/Android-Universal-Image-Loader.git nostra13/Android-Universal-Image-Loader" failed. Retrying, 2 of 3.[0m

Cloning into 'nostra13/Android-Universal-Image-Loader'...
fatal: unable to connect to github.com:
github.com: Temporary failure in name resolution


[31;1mThe command "eval git clone --depth=50 --branch=new_memory_cache_api git://github.com/nostra13/Android-Universal-Image-Loader.git nostra13/Android-Universal-Image-Loader" failed. Retrying, 3 of 3.[0m

Cloning into 'nostra13/Android-Universal-Image-Loader'...
fatal: unable to connect to github.com:
github.com: Temporary failure in name resolution


[31;1mThe command "eval git clone --depth=50 --branch=new_memory_cache_api git://github.com/nostra13/Android-Universal-Image-Loader.git nostra13/Android-Universal-Image-Loader" failed 3 times.[0m

travis_time:end:0396ee3e:start=1416147025321996029,finish=1416147143945497714,duration=118623501685[0K
[31;1mThe command "git clone --depth=50 --branch=new_memory_cache_api git://github.com/nostra13/Android-Universal-Image-Loader.git nostra13/Android-Universal-Image-Loader" failed and exited with 128 during .[0m

Your build has been stopped.
